{"/Users/jappy/Codeit/1-sprint-mission/sprint_3/src/controllers/articleController.ts": {"path":"/Users/jappy/Codeit/1-sprint-mission/sprint_3/src/controllers/articleController.ts","statementMap":{"0":{"start":{"line":2,"column":0},"end":{"line":2,"column":37}},"1":{"start":{"line":3,"column":0},"end":{"line":3,"column":56}},"2":{"start":{"line":4,"column":0},"end":{"line":4,"column":null}},"3":{"start":{"line":9,"column":0},"end":{"line":9,"column":57}},"4":{"start":{"line":11,"column":42},"end":{"line":15,"column":2}},"5":{"start":{"line":11,"column":61},"end":{"line":15,"column":2}},"6":{"start":{"line":12,"column":46},"end":{"line":12,"column":79}},"7":{"start":{"line":13,"column":19},"end":{"line":13,"column":79}},"8":{"start":{"line":14,"column":2},"end":{"line":14,"column":33}},"9":{"start":{"line":11,"column":13},"end":{"line":11,"column":42}},"10":{"start":{"line":17,"column":45},"end":{"line":24,"column":2}},"11":{"start":{"line":17,"column":64},"end":{"line":24,"column":2}},"12":{"start":{"line":18,"column":17},"end":{"line":18,"column":28}},"13":{"start":{"line":20,"column":15},"end":{"line":20,"column":55}},"14":{"start":{"line":21,"column":18},"end":{"line":21,"column":59}},"15":{"start":{"line":23,"column":2},"end":{"line":23,"column":32}},"16":{"start":{"line":17,"column":13},"end":{"line":17,"column":45}},"17":{"start":{"line":26,"column":48},"end":{"line":30,"column":2}},"18":{"start":{"line":26,"column":67},"end":{"line":30,"column":2}},"19":{"start":{"line":27,"column":17},"end":{"line":27,"column":51}},"20":{"start":{"line":28,"column":18},"end":{"line":28,"column":50}},"21":{"start":{"line":29,"column":2},"end":{"line":29,"column":32}},"22":{"start":{"line":26,"column":13},"end":{"line":26,"column":48}},"23":{"start":{"line":32,"column":44},"end":{"line":37,"column":2}},"24":{"start":{"line":32,"column":63},"end":{"line":37,"column":2}},"25":{"start":{"line":33,"column":17},"end":{"line":33,"column":51}},"26":{"start":{"line":34,"column":18},"end":{"line":34,"column":58}},"27":{"start":{"line":35,"column":18},"end":{"line":35,"column":58}},"28":{"start":{"line":36,"column":2},"end":{"line":36,"column":32}},"29":{"start":{"line":32,"column":13},"end":{"line":32,"column":44}},"30":{"start":{"line":39,"column":45},"end":{"line":43,"column":2}},"31":{"start":{"line":39,"column":64},"end":{"line":43,"column":2}},"32":{"start":{"line":40,"column":17},"end":{"line":40,"column":51}},"33":{"start":{"line":41,"column":2},"end":{"line":41,"column":38}},"34":{"start":{"line":42,"column":2},"end":{"line":42,"column":22}},"35":{"start":{"line":39,"column":13},"end":{"line":39,"column":45}}},"fnMap":{"0":{"name":"(anonymous_8)","decl":{"start":{"line":11,"column":42},"end":{"line":11,"column":49}},"loc":{"start":{"line":11,"column":61},"end":{"line":15,"column":2}}},"1":{"name":"(anonymous_9)","decl":{"start":{"line":11,"column":61},"end":{"line":11,"column":null}},"loc":{"start":{"line":11,"column":61},"end":{"line":15,"column":1}}},"2":{"name":"(anonymous_10)","decl":{"start":{"line":17,"column":45},"end":{"line":17,"column":52}},"loc":{"start":{"line":17,"column":64},"end":{"line":24,"column":2}}},"3":{"name":"(anonymous_11)","decl":{"start":{"line":17,"column":64},"end":{"line":17,"column":null}},"loc":{"start":{"line":17,"column":64},"end":{"line":24,"column":1}}},"4":{"name":"(anonymous_12)","decl":{"start":{"line":26,"column":48},"end":{"line":26,"column":55}},"loc":{"start":{"line":26,"column":67},"end":{"line":30,"column":2}}},"5":{"name":"(anonymous_13)","decl":{"start":{"line":26,"column":67},"end":{"line":26,"column":null}},"loc":{"start":{"line":26,"column":67},"end":{"line":30,"column":1}}},"6":{"name":"(anonymous_14)","decl":{"start":{"line":32,"column":44},"end":{"line":32,"column":51}},"loc":{"start":{"line":32,"column":63},"end":{"line":37,"column":2}}},"7":{"name":"(anonymous_15)","decl":{"start":{"line":32,"column":63},"end":{"line":32,"column":null}},"loc":{"start":{"line":32,"column":63},"end":{"line":37,"column":1}}},"8":{"name":"(anonymous_16)","decl":{"start":{"line":39,"column":45},"end":{"line":39,"column":52}},"loc":{"start":{"line":39,"column":64},"end":{"line":43,"column":2}}},"9":{"name":"(anonymous_17)","decl":{"start":{"line":39,"column":64},"end":{"line":39,"column":null}},"loc":{"start":{"line":39,"column":64},"end":{"line":43,"column":1}}}},"branchMap":{},"s":{"0":6,"1":6,"2":6,"3":6,"4":6,"5":3,"6":3,"7":3,"8":3,"9":6,"10":6,"11":1,"12":1,"13":1,"14":1,"15":1,"16":6,"17":6,"18":2,"19":2,"20":2,"21":1,"22":6,"23":6,"24":1,"25":1,"26":1,"27":1,"28":1,"29":6,"30":6,"31":1,"32":1,"33":1,"34":1,"35":6},"f":{"0":3,"1":3,"2":1,"3":1,"4":2,"5":2,"6":1,"7":1,"8":1,"9":1},"b":{}}
,"/Users/jappy/Codeit/1-sprint-mission/sprint_3/src/controllers/productController.ts": {"path":"/Users/jappy/Codeit/1-sprint-mission/sprint_3/src/controllers/productController.ts","statementMap":{"0":{"start":{"line":1,"column":0},"end":{"line":1,"column":37}},"1":{"start":{"line":2,"column":0},"end":{"line":2,"column":56}},"2":{"start":{"line":3,"column":0},"end":{"line":3,"column":null}},"3":{"start":{"line":8,"column":0},"end":{"line":8,"column":57}},"4":{"start":{"line":11,"column":41},"end":{"line":22,"column":2}},"5":{"start":{"line":11,"column":60},"end":{"line":22,"column":2}},"6":{"start":{"line":12,"column":17},"end":{"line":12,"column":37}},"7":{"start":{"line":13,"column":46},"end":{"line":13,"column":79}},"8":{"start":{"line":14,"column":19},"end":{"line":19,"column":null}},"9":{"start":{"line":21,"column":2},"end":{"line":21,"column":33}},"10":{"start":{"line":11,"column":13},"end":{"line":11,"column":41}},"11":{"start":{"line":24,"column":45},"end":{"line":30,"column":2}},"12":{"start":{"line":24,"column":64},"end":{"line":30,"column":2}},"13":{"start":{"line":25,"column":17},"end":{"line":25,"column":28}},"14":{"start":{"line":26,"column":15},"end":{"line":26,"column":55}},"15":{"start":{"line":27,"column":18},"end":{"line":27,"column":66}},"16":{"start":{"line":29,"column":2},"end":{"line":29,"column":32}},"17":{"start":{"line":24,"column":13},"end":{"line":24,"column":45}},"18":{"start":{"line":32,"column":48},"end":{"line":37,"column":2}},"19":{"start":{"line":32,"column":67},"end":{"line":37,"column":2}},"20":{"start":{"line":33,"column":17},"end":{"line":33,"column":51}},"21":{"start":{"line":34,"column":18},"end":{"line":34,"column":50}},"22":{"start":{"line":36,"column":2},"end":{"line":36,"column":32}},"23":{"start":{"line":32,"column":13},"end":{"line":32,"column":48}},"24":{"start":{"line":39,"column":44},"end":{"line":44,"column":2}},"25":{"start":{"line":39,"column":63},"end":{"line":44,"column":2}},"26":{"start":{"line":40,"column":17},"end":{"line":40,"column":51}},"27":{"start":{"line":41,"column":15},"end":{"line":41,"column":55}},"28":{"start":{"line":42,"column":24},"end":{"line":42,"column":61}},"29":{"start":{"line":43,"column":2},"end":{"line":43,"column":38}},"30":{"start":{"line":39,"column":13},"end":{"line":39,"column":44}},"31":{"start":{"line":46,"column":45},"end":{"line":50,"column":2}},"32":{"start":{"line":46,"column":64},"end":{"line":50,"column":2}},"33":{"start":{"line":47,"column":17},"end":{"line":47,"column":51}},"34":{"start":{"line":48,"column":2},"end":{"line":48,"column":41}},"35":{"start":{"line":49,"column":2},"end":{"line":49,"column":22}},"36":{"start":{"line":46,"column":13},"end":{"line":46,"column":45}}},"fnMap":{"0":{"name":"(anonymous_8)","decl":{"start":{"line":11,"column":41},"end":{"line":11,"column":48}},"loc":{"start":{"line":11,"column":60},"end":{"line":22,"column":2}}},"1":{"name":"(anonymous_9)","decl":{"start":{"line":11,"column":60},"end":{"line":11,"column":null}},"loc":{"start":{"line":11,"column":60},"end":{"line":22,"column":1}}},"2":{"name":"(anonymous_10)","decl":{"start":{"line":24,"column":45},"end":{"line":24,"column":52}},"loc":{"start":{"line":24,"column":64},"end":{"line":30,"column":2}}},"3":{"name":"(anonymous_11)","decl":{"start":{"line":24,"column":64},"end":{"line":24,"column":null}},"loc":{"start":{"line":24,"column":64},"end":{"line":30,"column":1}}},"4":{"name":"(anonymous_12)","decl":{"start":{"line":32,"column":48},"end":{"line":32,"column":55}},"loc":{"start":{"line":32,"column":67},"end":{"line":37,"column":2}}},"5":{"name":"(anonymous_13)","decl":{"start":{"line":32,"column":67},"end":{"line":32,"column":null}},"loc":{"start":{"line":32,"column":67},"end":{"line":37,"column":1}}},"6":{"name":"(anonymous_14)","decl":{"start":{"line":39,"column":44},"end":{"line":39,"column":51}},"loc":{"start":{"line":39,"column":63},"end":{"line":44,"column":2}}},"7":{"name":"(anonymous_15)","decl":{"start":{"line":39,"column":63},"end":{"line":39,"column":null}},"loc":{"start":{"line":39,"column":63},"end":{"line":44,"column":1}}},"8":{"name":"(anonymous_16)","decl":{"start":{"line":46,"column":45},"end":{"line":46,"column":52}},"loc":{"start":{"line":46,"column":64},"end":{"line":50,"column":2}}},"9":{"name":"(anonymous_17)","decl":{"start":{"line":46,"column":64},"end":{"line":46,"column":null}},"loc":{"start":{"line":46,"column":64},"end":{"line":50,"column":1}}}},"branchMap":{"0":{"loc":{"start":{"line":12,"column":17},"end":{"line":12,"column":37}},"type":"cond-expr","locations":[{"start":{"line":12,"column":29},"end":{"line":12,"column":33}},{"start":{"line":12,"column":33},"end":{"line":12,"column":37}}]},"1":{"loc":{"start":{"line":12,"column":17},"end":{"line":12,"column":33}},"type":"binary-expr","locations":[{"start":{"line":12,"column":17},"end":{"line":12,"column":33}},{"start":{"line":12,"column":29},"end":{"line":12,"column":33}}]},"2":{"loc":{"start":{"line":12,"column":17},"end":{"line":12,"column":29}},"type":"cond-expr","locations":[{"start":{"line":12,"column":25},"end":{"line":12,"column":27}},{"start":{"line":12,"column":25},"end":{"line":12,"column":29}}]},"3":{"loc":{"start":{"line":12,"column":17},"end":{"line":12,"column":27}},"type":"binary-expr","locations":[{"start":{"line":12,"column":17},"end":{"line":12,"column":27}},{"start":{"line":12,"column":25},"end":{"line":12,"column":27}}]}},"s":{"0":6,"1":6,"2":6,"3":6,"4":6,"5":5,"6":5,"7":5,"8":5,"9":5,"10":6,"11":6,"12":1,"13":1,"14":1,"15":1,"16":1,"17":6,"18":6,"19":3,"20":3,"21":3,"22":2,"23":6,"24":6,"25":1,"26":1,"27":1,"28":1,"29":1,"30":6,"31":6,"32":1,"33":1,"34":1,"35":1,"36":6},"f":{"0":5,"1":5,"2":1,"3":1,"4":3,"5":3,"6":1,"7":1,"8":1,"9":1},"b":{"0":[1,4],"1":[5,5],"2":[4,1],"3":[5,5]}}
,"/Users/jappy/Codeit/1-sprint-mission/sprint_3/src/controllers/userController.ts": {"path":"/Users/jappy/Codeit/1-sprint-mission/sprint_3/src/controllers/userController.ts","statementMap":{"0":{"start":{"line":2,"column":0},"end":{"line":2,"column":50}},"1":{"start":{"line":3,"column":0},"end":{"line":3,"column":63}},"2":{"start":{"line":4,"column":0},"end":{"line":4,"column":null}},"3":{"start":{"line":8,"column":0},"end":{"line":8,"column":37}},"4":{"start":{"line":10,"column":42},"end":{"line":14,"column":2}},"5":{"start":{"line":10,"column":61},"end":{"line":14,"column":2}},"6":{"start":{"line":11,"column":15},"end":{"line":11,"column":53}},"7":{"start":{"line":12,"column":15},"end":{"line":12,"column":56}},"8":{"start":{"line":13,"column":2},"end":{"line":13,"column":29}},"9":{"start":{"line":10,"column":13},"end":{"line":10,"column":42}},"10":{"start":{"line":16,"column":43},"end":{"line":36,"column":2}},"11":{"start":{"line":16,"column":62},"end":{"line":36,"column":2}},"12":{"start":{"line":17,"column":30},"end":{"line":17,"column":38}},"13":{"start":{"line":18,"column":15},"end":{"line":18,"column":57}},"14":{"start":{"line":19,"column":22},"end":{"line":19,"column":61}},"15":{"start":{"line":20,"column":23},"end":{"line":20,"column":63}},"16":{"start":{"line":21,"column":2},"end":{"line":21,"column":58}},"17":{"start":{"line":22,"column":2},"end":{"line":27,"column":5}},"18":{"start":{"line":28,"column":2},"end":{"line":33,"column":5}},"19":{"start":{"line":35,"column":2},"end":{"line":35,"column":25}},"20":{"start":{"line":16,"column":13},"end":{"line":16,"column":43}},"21":{"start":{"line":38,"column":50},"end":{"line":64,"column":2}},"22":{"start":{"line":38,"column":69},"end":{"line":64,"column":2}},"23":{"start":{"line":39,"column":27},"end":{"line":39,"column":38}},"24":{"start":{"line":40,"column":17},"end":{"line":40,"column":28}},"25":{"start":{"line":41,"column":2},"end":{"line":43,"column":3}},"26":{"start":{"line":42,"column":4},"end":{"line":42,"column":34}},"27":{"start":{"line":44,"column":43},"end":{"line":46,"column":null}},"28":{"start":{"line":49,"column":2},"end":{"line":49,"column":74}},"29":{"start":{"line":51,"column":2},"end":{"line":56,"column":5}},"30":{"start":{"line":57,"column":2},"end":{"line":62,"column":5}},"31":{"start":{"line":63,"column":2},"end":{"line":63,"column":25}},"32":{"start":{"line":38,"column":13},"end":{"line":38,"column":50}},"33":{"start":{"line":66,"column":39},"end":{"line":76,"column":2}},"34":{"start":{"line":66,"column":58},"end":{"line":76,"column":2}},"35":{"start":{"line":67,"column":17},"end":{"line":67,"column":28}},"36":{"start":{"line":68,"column":2},"end":{"line":70,"column":3}},"37":{"start":{"line":69,"column":4},"end":{"line":69,"column":34}},"38":{"start":{"line":72,"column":23},"end":{"line":72,"column":31}},"39":{"start":{"line":74,"column":15},"end":{"line":74,"column":60}},"40":{"start":{"line":75,"column":2},"end":{"line":75,"column":29}},"41":{"start":{"line":66,"column":13},"end":{"line":66,"column":39}},"42":{"start":{"line":78,"column":42},"end":{"line":86,"column":2}},"43":{"start":{"line":78,"column":61},"end":{"line":86,"column":2}},"44":{"start":{"line":79,"column":17},"end":{"line":79,"column":28}},"45":{"start":{"line":80,"column":2},"end":{"line":82,"column":3}},"46":{"start":{"line":81,"column":4},"end":{"line":81,"column":34}},"47":{"start":{"line":83,"column":15},"end":{"line":83,"column":53}},"48":{"start":{"line":84,"column":21},"end":{"line":84,"column":63}},"49":{"start":{"line":85,"column":2},"end":{"line":85,"column":35}},"50":{"start":{"line":78,"column":13},"end":{"line":78,"column":42}},"51":{"start":{"line":88,"column":44},"end":{"line":96,"column":2}},"52":{"start":{"line":88,"column":63},"end":{"line":96,"column":2}},"53":{"start":{"line":89,"column":17},"end":{"line":89,"column":28}},"54":{"start":{"line":90,"column":2},"end":{"line":92,"column":3}},"55":{"start":{"line":91,"column":4},"end":{"line":91,"column":34}},"56":{"start":{"line":94,"column":15},"end":{"line":94,"column":53}},"57":{"start":{"line":95,"column":2},"end":{"line":95,"column":29}},"58":{"start":{"line":88,"column":13},"end":{"line":88,"column":44}},"59":{"start":{"line":98,"column":49},"end":{"line":106,"column":2}},"60":{"start":{"line":98,"column":68},"end":{"line":106,"column":2}},"61":{"start":{"line":99,"column":17},"end":{"line":99,"column":28}},"62":{"start":{"line":100,"column":2},"end":{"line":102,"column":3}},"63":{"start":{"line":101,"column":4},"end":{"line":101,"column":34}},"64":{"start":{"line":104,"column":23},"end":{"line":104,"column":66}},"65":{"start":{"line":105,"column":2},"end":{"line":105,"column":37}},"66":{"start":{"line":98,"column":13},"end":{"line":98,"column":49}}},"fnMap":{"0":{"name":"(anonymous_8)","decl":{"start":{"line":10,"column":42},"end":{"line":10,"column":49}},"loc":{"start":{"line":10,"column":61},"end":{"line":14,"column":2}}},"1":{"name":"(anonymous_9)","decl":{"start":{"line":10,"column":61},"end":{"line":10,"column":null}},"loc":{"start":{"line":10,"column":61},"end":{"line":14,"column":1}}},"2":{"name":"(anonymous_10)","decl":{"start":{"line":16,"column":43},"end":{"line":16,"column":50}},"loc":{"start":{"line":16,"column":62},"end":{"line":36,"column":2}}},"3":{"name":"(anonymous_11)","decl":{"start":{"line":16,"column":62},"end":{"line":16,"column":null}},"loc":{"start":{"line":16,"column":62},"end":{"line":36,"column":1}}},"4":{"name":"(anonymous_12)","decl":{"start":{"line":38,"column":50},"end":{"line":38,"column":57}},"loc":{"start":{"line":38,"column":69},"end":{"line":64,"column":2}}},"5":{"name":"(anonymous_13)","decl":{"start":{"line":38,"column":69},"end":{"line":38,"column":null}},"loc":{"start":{"line":38,"column":69},"end":{"line":64,"column":1}}},"6":{"name":"(anonymous_14)","decl":{"start":{"line":66,"column":39},"end":{"line":66,"column":46}},"loc":{"start":{"line":66,"column":58},"end":{"line":76,"column":2}}},"7":{"name":"(anonymous_15)","decl":{"start":{"line":66,"column":58},"end":{"line":66,"column":null}},"loc":{"start":{"line":66,"column":58},"end":{"line":76,"column":1}}},"8":{"name":"(anonymous_16)","decl":{"start":{"line":78,"column":42},"end":{"line":78,"column":49}},"loc":{"start":{"line":78,"column":61},"end":{"line":86,"column":2}}},"9":{"name":"(anonymous_17)","decl":{"start":{"line":78,"column":61},"end":{"line":78,"column":null}},"loc":{"start":{"line":78,"column":61},"end":{"line":86,"column":1}}},"10":{"name":"(anonymous_18)","decl":{"start":{"line":88,"column":44},"end":{"line":88,"column":51}},"loc":{"start":{"line":88,"column":63},"end":{"line":96,"column":2}}},"11":{"name":"(anonymous_19)","decl":{"start":{"line":88,"column":63},"end":{"line":88,"column":null}},"loc":{"start":{"line":88,"column":63},"end":{"line":96,"column":1}}},"12":{"name":"(anonymous_20)","decl":{"start":{"line":98,"column":49},"end":{"line":98,"column":56}},"loc":{"start":{"line":98,"column":68},"end":{"line":106,"column":2}}},"13":{"name":"(anonymous_21)","decl":{"start":{"line":98,"column":68},"end":{"line":98,"column":null}},"loc":{"start":{"line":98,"column":68},"end":{"line":106,"column":1}}}},"branchMap":{"0":{"loc":{"start":{"line":41,"column":2},"end":{"line":43,"column":3}},"type":"if","locations":[{"start":{"line":41,"column":2},"end":{"line":43,"column":3}}]},"1":{"loc":{"start":{"line":68,"column":2},"end":{"line":70,"column":3}},"type":"if","locations":[{"start":{"line":68,"column":2},"end":{"line":70,"column":3}}]},"2":{"loc":{"start":{"line":80,"column":2},"end":{"line":82,"column":3}},"type":"if","locations":[{"start":{"line":80,"column":2},"end":{"line":82,"column":3}}]},"3":{"loc":{"start":{"line":90,"column":2},"end":{"line":92,"column":3}},"type":"if","locations":[{"start":{"line":90,"column":2},"end":{"line":92,"column":3}}]},"4":{"loc":{"start":{"line":100,"column":2},"end":{"line":102,"column":3}},"type":"if","locations":[{"start":{"line":100,"column":2},"end":{"line":102,"column":3}}]}},"s":{"0":6,"1":6,"2":6,"3":6,"4":6,"5":1,"6":1,"7":1,"8":1,"9":6,"10":6,"11":8,"12":8,"13":8,"14":8,"15":8,"16":8,"17":8,"18":8,"19":8,"20":6,"21":6,"22":0,"23":0,"24":0,"25":0,"26":0,"27":0,"28":0,"29":0,"30":0,"31":0,"32":6,"33":6,"34":0,"35":0,"36":0,"37":0,"38":0,"39":0,"40":0,"41":6,"42":6,"43":0,"44":0,"45":0,"46":0,"47":0,"48":0,"49":0,"50":6,"51":6,"52":0,"53":0,"54":0,"55":0,"56":0,"57":0,"58":6,"59":6,"60":0,"61":0,"62":0,"63":0,"64":0,"65":0,"66":6},"f":{"0":1,"1":1,"2":8,"3":8,"4":0,"5":0,"6":0,"7":0,"8":0,"9":0,"10":0,"11":0,"12":0,"13":0},"b":{"0":[0],"1":[0],"2":[0],"3":[0],"4":[0]}}
,"/Users/jappy/Codeit/1-sprint-mission/sprint_3/src/repositories/articleRepository.ts": {"path":"/Users/jappy/Codeit/1-sprint-mission/sprint_3/src/repositories/articleRepository.ts","statementMap":{"0":{"start":{"line":1,"column":0},"end":{"line":1,"column":38}},"1":{"start":{"line":4,"column":15},"end":{"line":35,"column":2}},"2":{"start":{"line":9,"column":4},"end":{"line":35,"column":2}},"3":{"start":{"line":10,"column":16},"end":{"line":17,"column":8}},"4":{"start":{"line":19,"column":19},"end":{"line":30,"column":4}},"5":{"start":{"line":32,"column":21},"end":{"line":32,"column":58}},"6":{"start":{"line":34,"column":2},"end":{"line":34,"column":34}},"7":{"start":{"line":37,"column":13},"end":{"line":46,"column":2}},"8":{"start":{"line":37,"column":58},"end":{"line":46,"column":2}},"9":{"start":{"line":38,"column":25},"end":{"line":43,"column":4}},"10":{"start":{"line":45,"column":2},"end":{"line":45,"column":24}},"11":{"start":{"line":48,"column":16},"end":{"line":53,"column":2}},"12":{"start":{"line":48,"column":37},"end":{"line":53,"column":2}},"13":{"start":{"line":49,"column":18},"end":{"line":51,"column":4}},"14":{"start":{"line":52,"column":2},"end":{"line":52,"column":17}},"15":{"start":{"line":55,"column":15},"end":{"line":65,"column":2}},"16":{"start":{"line":55,"column":63},"end":{"line":65,"column":2}},"17":{"start":{"line":56,"column":25},"end":{"line":62,"column":4}},"18":{"start":{"line":64,"column":2},"end":{"line":64,"column":24}},"19":{"start":{"line":67,"column":19},"end":{"line":73,"column":2}},"20":{"start":{"line":67,"column":40},"end":{"line":73,"column":2}},"21":{"start":{"line":68,"column":18},"end":{"line":70,"column":4}},"22":{"start":{"line":72,"column":2},"end":{"line":72,"column":17}},"23":{"start":{"line":75,"column":0},"end":{"line":75,"column":61}}},"fnMap":{"0":{"name":"(anonymous_8)","decl":{"start":{"line":4,"column":15},"end":{"line":4,"column":null}},"loc":{"start":{"line":9,"column":4},"end":{"line":35,"column":2}}},"1":{"name":"(anonymous_9)","decl":{"start":{"line":9,"column":4},"end":{"line":9,"column":null}},"loc":{"start":{"line":9,"column":4},"end":{"line":35,"column":1}}},"2":{"name":"(anonymous_10)","decl":{"start":{"line":37,"column":13},"end":{"line":37,"column":20}},"loc":{"start":{"line":37,"column":58},"end":{"line":46,"column":2}}},"3":{"name":"(anonymous_11)","decl":{"start":{"line":37,"column":58},"end":{"line":37,"column":null}},"loc":{"start":{"line":37,"column":58},"end":{"line":46,"column":1}}},"4":{"name":"(anonymous_12)","decl":{"start":{"line":48,"column":16},"end":{"line":48,"column":23}},"loc":{"start":{"line":48,"column":37},"end":{"line":53,"column":2}}},"5":{"name":"(anonymous_13)","decl":{"start":{"line":48,"column":37},"end":{"line":48,"column":null}},"loc":{"start":{"line":48,"column":37},"end":{"line":53,"column":1}}},"6":{"name":"(anonymous_14)","decl":{"start":{"line":55,"column":15},"end":{"line":55,"column":22}},"loc":{"start":{"line":55,"column":63},"end":{"line":65,"column":2}}},"7":{"name":"(anonymous_15)","decl":{"start":{"line":55,"column":63},"end":{"line":55,"column":null}},"loc":{"start":{"line":55,"column":63},"end":{"line":65,"column":1}}},"8":{"name":"(anonymous_16)","decl":{"start":{"line":67,"column":19},"end":{"line":67,"column":26}},"loc":{"start":{"line":67,"column":40},"end":{"line":73,"column":2}}},"9":{"name":"(anonymous_17)","decl":{"start":{"line":67,"column":40},"end":{"line":67,"column":null}},"loc":{"start":{"line":67,"column":40},"end":{"line":73,"column":1}}}},"branchMap":{"0":{"loc":{"start":{"line":10,"column":16},"end":{"line":17,"column":8}},"type":"cond-expr","locations":[{"start":{"line":11,"column":6},"end":{"line":16,"column":null}},{"start":{"line":17,"column":6},"end":{"line":17,"column":8}}]},"1":{"loc":{"start":{"line":27,"column":13},"end":{"line":27,"column":73}},"type":"cond-expr","locations":[{"start":{"line":27,"column":36},"end":{"line":27,"column":57}},{"start":{"line":27,"column":60},"end":{"line":27,"column":73}}]}},"s":{"0":6,"1":6,"2":3,"3":3,"4":3,"5":3,"6":3,"7":6,"8":1,"9":1,"10":1,"11":6,"12":4,"13":4,"14":4,"15":6,"16":1,"17":1,"18":1,"19":6,"20":1,"21":1,"22":1,"23":6},"f":{"0":3,"1":3,"2":1,"3":1,"4":4,"5":4,"6":1,"7":1,"8":1,"9":1},"b":{"0":[1,2],"1":[2,1]}}
,"/Users/jappy/Codeit/1-sprint-mission/sprint_3/src/repositories/productRepository.ts": {"path":"/Users/jappy/Codeit/1-sprint-mission/sprint_3/src/repositories/productRepository.ts","statementMap":{"0":{"start":{"line":1,"column":0},"end":{"line":1,"column":38}},"1":{"start":{"line":3,"column":0},"end":{"line":3,"column":46}},"2":{"start":{"line":5,"column":15},"end":{"line":44,"column":2}},"3":{"start":{"line":11,"column":4},"end":{"line":44,"column":2}},"4":{"start":{"line":12,"column":16},"end":{"line":14,"column":4}},"5":{"start":{"line":16,"column":19},"end":{"line":27,"column":4}},"6":{"start":{"line":29,"column":27},"end":{"line":39,"column":null}},"7":{"start":{"line":30,"column":35},"end":{"line":39,"column":6}},"8":{"start":{"line":31,"column":20},"end":{"line":31,"column":25}},"9":{"start":{"line":32,"column":6},"end":{"line":34,"column":7}},"10":{"start":{"line":33,"column":8},"end":{"line":33,"column":77}},"11":{"start":{"line":35,"column":6},"end":{"line":37,"column":null}},"12":{"start":{"line":41,"column":21},"end":{"line":41,"column":58}},"13":{"start":{"line":43,"column":2},"end":{"line":43,"column":52}},"14":{"start":{"line":46,"column":13},"end":{"line":56,"column":2}},"15":{"start":{"line":46,"column":58},"end":{"line":56,"column":2}},"16":{"start":{"line":47,"column":25},"end":{"line":54,"column":4}},"17":{"start":{"line":55,"column":2},"end":{"line":55,"column":24}},"18":{"start":{"line":58,"column":16},"end":{"line":63,"column":2}},"19":{"start":{"line":58,"column":37},"end":{"line":63,"column":2}},"20":{"start":{"line":59,"column":18},"end":{"line":61,"column":4}},"21":{"start":{"line":62,"column":2},"end":{"line":62,"column":17}},"22":{"start":{"line":65,"column":15},"end":{"line":71,"column":2}},"23":{"start":{"line":65,"column":60},"end":{"line":71,"column":2}},"24":{"start":{"line":66,"column":24},"end":{"line":69,"column":4}},"25":{"start":{"line":70,"column":2},"end":{"line":70,"column":23}},"26":{"start":{"line":73,"column":22},"end":{"line":78,"column":2}},"27":{"start":{"line":73,"column":43},"end":{"line":78,"column":2}},"28":{"start":{"line":74,"column":18},"end":{"line":76,"column":4}},"29":{"start":{"line":77,"column":2},"end":{"line":77,"column":17}},"30":{"start":{"line":80,"column":0},"end":{"line":80,"column":64}}},"fnMap":{"0":{"name":"(anonymous_8)","decl":{"start":{"line":5,"column":15},"end":{"line":5,"column":null}},"loc":{"start":{"line":11,"column":4},"end":{"line":44,"column":2}}},"1":{"name":"(anonymous_9)","decl":{"start":{"line":11,"column":4},"end":{"line":11,"column":null}},"loc":{"start":{"line":11,"column":4},"end":{"line":44,"column":1}}},"2":{"name":"(anonymous_10)","decl":{"start":{"line":30,"column":17},"end":{"line":30,"column":24}},"loc":{"start":{"line":30,"column":35},"end":{"line":39,"column":6}}},"3":{"name":"(anonymous_11)","decl":{"start":{"line":30,"column":35},"end":{"line":30,"column":null}},"loc":{"start":{"line":30,"column":35},"end":{"line":39,"column":5}}},"4":{"name":"(anonymous_12)","decl":{"start":{"line":46,"column":13},"end":{"line":46,"column":20}},"loc":{"start":{"line":46,"column":58},"end":{"line":56,"column":2}}},"5":{"name":"(anonymous_13)","decl":{"start":{"line":46,"column":58},"end":{"line":46,"column":null}},"loc":{"start":{"line":46,"column":58},"end":{"line":56,"column":1}}},"6":{"name":"(anonymous_14)","decl":{"start":{"line":58,"column":16},"end":{"line":58,"column":23}},"loc":{"start":{"line":58,"column":37},"end":{"line":63,"column":2}}},"7":{"name":"(anonymous_15)","decl":{"start":{"line":58,"column":37},"end":{"line":58,"column":null}},"loc":{"start":{"line":58,"column":37},"end":{"line":63,"column":1}}},"8":{"name":"(anonymous_16)","decl":{"start":{"line":65,"column":15},"end":{"line":65,"column":22}},"loc":{"start":{"line":65,"column":60},"end":{"line":71,"column":2}}},"9":{"name":"(anonymous_17)","decl":{"start":{"line":65,"column":60},"end":{"line":65,"column":null}},"loc":{"start":{"line":65,"column":60},"end":{"line":71,"column":1}}},"10":{"name":"(anonymous_18)","decl":{"start":{"line":73,"column":22},"end":{"line":73,"column":29}},"loc":{"start":{"line":73,"column":43},"end":{"line":78,"column":2}}},"11":{"name":"(anonymous_19)","decl":{"start":{"line":73,"column":43},"end":{"line":73,"column":null}},"loc":{"start":{"line":73,"column":43},"end":{"line":78,"column":1}}}},"branchMap":{"0":{"loc":{"start":{"line":13,"column":10},"end":{"line":13,"column":51}},"type":"cond-expr","locations":[{"start":{"line":13,"column":19},"end":{"line":13,"column":39}},{"start":{"line":13,"column":42},"end":{"line":13,"column":51}}]},"1":{"loc":{"start":{"line":24,"column":13},"end":{"line":24,"column":73}},"type":"cond-expr","locations":[{"start":{"line":24,"column":36},"end":{"line":24,"column":57}},{"start":{"line":24,"column":60},"end":{"line":24,"column":73}}]},"2":{"loc":{"start":{"line":32,"column":6},"end":{"line":34,"column":7}},"type":"if","locations":[{"start":{"line":32,"column":6},"end":{"line":34,"column":7}}]}},"s":{"0":5,"1":5,"2":5,"3":4,"4":4,"5":4,"6":4,"7":4,"8":4,"9":4,"10":1,"11":4,"12":4,"13":4,"14":5,"15":1,"16":1,"17":1,"18":5,"19":4,"20":4,"21":4,"22":5,"23":1,"24":1,"25":1,"26":5,"27":1,"28":1,"29":1,"30":5},"f":{"0":4,"1":4,"2":4,"3":4,"4":1,"5":1,"6":4,"7":4,"8":1,"9":1,"10":1,"11":1},"b":{"0":[1,3],"1":[3,1],"2":[1]}}
,"/Users/jappy/Codeit/1-sprint-mission/sprint_3/src/repositories/userRepository.ts": {"path":"/Users/jappy/Codeit/1-sprint-mission/sprint_3/src/repositories/userRepository.ts","statementMap":{"0":{"start":{"line":1,"column":0},"end":{"line":1,"column":38}},"1":{"start":{"line":4,"column":17},"end":{"line":10,"column":2}},"2":{"start":{"line":4,"column":38},"end":{"line":10,"column":2}},"3":{"start":{"line":5,"column":2},"end":{"line":9,"column":5}},"4":{"start":{"line":12,"column":20},"end":{"line":16,"column":2}},"5":{"start":{"line":12,"column":44},"end":{"line":16,"column":2}},"6":{"start":{"line":13,"column":2},"end":{"line":15,"column":5}},"7":{"start":{"line":18,"column":13},"end":{"line":22,"column":2}},"8":{"start":{"line":18,"column":43},"end":{"line":22,"column":2}},"9":{"start":{"line":19,"column":2},"end":{"line":21,"column":5}},"10":{"start":{"line":24,"column":15},"end":{"line":31,"column":2}},"11":{"start":{"line":24,"column":57},"end":{"line":31,"column":2}},"12":{"start":{"line":25,"column":2},"end":{"line":30,"column":5}},"13":{"start":{"line":33,"column":19},"end":{"line":37,"column":2}},"14":{"start":{"line":33,"column":40},"end":{"line":37,"column":2}},"15":{"start":{"line":34,"column":2},"end":{"line":36,"column":5}},"16":{"start":{"line":39,"column":24},"end":{"line":48,"column":2}},"17":{"start":{"line":39,"column":49},"end":{"line":48,"column":2}},"18":{"start":{"line":40,"column":19},"end":{"line":42,"column":4}},"19":{"start":{"line":43,"column":22},"end":{"line":45,"column":4}},"20":{"start":{"line":47,"column":2},"end":{"line":47,"column":35}},"21":{"start":{"line":50,"column":0},"end":{"line":57,"column":2}}},"fnMap":{"0":{"name":"(anonymous_8)","decl":{"start":{"line":4,"column":17},"end":{"line":4,"column":24}},"loc":{"start":{"line":4,"column":38},"end":{"line":10,"column":2}}},"1":{"name":"(anonymous_9)","decl":{"start":{"line":4,"column":38},"end":{"line":4,"column":null}},"loc":{"start":{"line":4,"column":38},"end":{"line":10,"column":1}}},"2":{"name":"(anonymous_10)","decl":{"start":{"line":12,"column":20},"end":{"line":12,"column":27}},"loc":{"start":{"line":12,"column":44},"end":{"line":16,"column":2}}},"3":{"name":"(anonymous_11)","decl":{"start":{"line":12,"column":44},"end":{"line":12,"column":null}},"loc":{"start":{"line":12,"column":44},"end":{"line":16,"column":1}}},"4":{"name":"(anonymous_12)","decl":{"start":{"line":18,"column":13},"end":{"line":18,"column":20}},"loc":{"start":{"line":18,"column":43},"end":{"line":22,"column":2}}},"5":{"name":"(anonymous_13)","decl":{"start":{"line":18,"column":43},"end":{"line":18,"column":null}},"loc":{"start":{"line":18,"column":43},"end":{"line":22,"column":1}}},"6":{"name":"(anonymous_14)","decl":{"start":{"line":24,"column":15},"end":{"line":24,"column":22}},"loc":{"start":{"line":24,"column":57},"end":{"line":31,"column":2}}},"7":{"name":"(anonymous_15)","decl":{"start":{"line":24,"column":57},"end":{"line":24,"column":null}},"loc":{"start":{"line":24,"column":57},"end":{"line":31,"column":1}}},"8":{"name":"(anonymous_16)","decl":{"start":{"line":33,"column":19},"end":{"line":33,"column":26}},"loc":{"start":{"line":33,"column":40},"end":{"line":37,"column":2}}},"9":{"name":"(anonymous_17)","decl":{"start":{"line":33,"column":40},"end":{"line":33,"column":null}},"loc":{"start":{"line":33,"column":40},"end":{"line":37,"column":1}}},"10":{"name":"(anonymous_18)","decl":{"start":{"line":39,"column":24},"end":{"line":39,"column":31}},"loc":{"start":{"line":39,"column":49},"end":{"line":48,"column":2}}},"11":{"name":"(anonymous_19)","decl":{"start":{"line":39,"column":49},"end":{"line":39,"column":null}},"loc":{"start":{"line":39,"column":49},"end":{"line":48,"column":1}}}},"branchMap":{},"s":{"0":6,"1":6,"2":0,"3":0,"4":6,"5":9,"6":9,"7":6,"8":1,"9":1,"10":6,"11":8,"12":8,"13":6,"14":0,"15":0,"16":6,"17":0,"18":0,"19":0,"20":0,"21":6},"f":{"0":0,"1":0,"2":9,"3":9,"4":1,"5":1,"6":8,"7":8,"8":0,"9":0,"10":0,"11":0},"b":{}}
,"/Users/jappy/Codeit/1-sprint-mission/sprint_3/src/services/articleService.ts": {"path":"/Users/jappy/Codeit/1-sprint-mission/sprint_3/src/services/articleService.ts","statementMap":{"0":{"start":{"line":2,"column":0},"end":{"line":2,"column":55}},"1":{"start":{"line":3,"column":0},"end":{"line":3,"column":66}},"2":{"start":{"line":5,"column":15},"end":{"line":19,"column":2}},"3":{"start":{"line":10,"column":4},"end":{"line":19,"column":2}},"4":{"start":{"line":11,"column":19},"end":{"line":15,"column":null}},"5":{"start":{"line":18,"column":2},"end":{"line":18,"column":18}},"6":{"start":{"line":21,"column":15},"end":{"line":23,"column":2}},"7":{"start":{"line":21,"column":60},"end":{"line":23,"column":2}},"8":{"start":{"line":22,"column":2},"end":{"line":22,"column":48}},"9":{"start":{"line":25,"column":16},"end":{"line":32,"column":2}},"10":{"start":{"line":25,"column":37},"end":{"line":32,"column":2}},"11":{"start":{"line":26,"column":18},"end":{"line":26,"column":53}},"12":{"start":{"line":28,"column":2},"end":{"line":30,"column":3}},"13":{"start":{"line":29,"column":4},"end":{"line":29,"column":35}},"14":{"start":{"line":31,"column":2},"end":{"line":31,"column":17}},"15":{"start":{"line":34,"column":15},"end":{"line":36,"column":2}},"16":{"start":{"line":34,"column":63},"end":{"line":36,"column":2}},"17":{"start":{"line":35,"column":2},"end":{"line":35,"column":53}},"18":{"start":{"line":38,"column":19},"end":{"line":40,"column":2}},"19":{"start":{"line":38,"column":40},"end":{"line":40,"column":2}},"20":{"start":{"line":39,"column":2},"end":{"line":39,"column":48}},"21":{"start":{"line":41,"column":0},"end":{"line":41,"column":63}}},"fnMap":{"0":{"name":"(anonymous_8)","decl":{"start":{"line":5,"column":15},"end":{"line":5,"column":null}},"loc":{"start":{"line":10,"column":4},"end":{"line":19,"column":2}}},"1":{"name":"(anonymous_9)","decl":{"start":{"line":10,"column":4},"end":{"line":10,"column":null}},"loc":{"start":{"line":10,"column":4},"end":{"line":19,"column":1}}},"2":{"name":"(anonymous_10)","decl":{"start":{"line":21,"column":15},"end":{"line":21,"column":22}},"loc":{"start":{"line":21,"column":60},"end":{"line":23,"column":2}}},"3":{"name":"(anonymous_11)","decl":{"start":{"line":21,"column":60},"end":{"line":21,"column":null}},"loc":{"start":{"line":21,"column":60},"end":{"line":23,"column":1}}},"4":{"name":"(anonymous_12)","decl":{"start":{"line":25,"column":16},"end":{"line":25,"column":23}},"loc":{"start":{"line":25,"column":37},"end":{"line":32,"column":2}}},"5":{"name":"(anonymous_13)","decl":{"start":{"line":25,"column":37},"end":{"line":25,"column":null}},"loc":{"start":{"line":25,"column":37},"end":{"line":32,"column":1}}},"6":{"name":"(anonymous_14)","decl":{"start":{"line":34,"column":15},"end":{"line":34,"column":22}},"loc":{"start":{"line":34,"column":63},"end":{"line":36,"column":2}}},"7":{"name":"(anonymous_15)","decl":{"start":{"line":34,"column":63},"end":{"line":34,"column":null}},"loc":{"start":{"line":34,"column":63},"end":{"line":36,"column":1}}},"8":{"name":"(anonymous_16)","decl":{"start":{"line":38,"column":19},"end":{"line":38,"column":26}},"loc":{"start":{"line":38,"column":40},"end":{"line":40,"column":2}}},"9":{"name":"(anonymous_17)","decl":{"start":{"line":38,"column":40},"end":{"line":38,"column":null}},"loc":{"start":{"line":38,"column":40},"end":{"line":40,"column":1}}}},"branchMap":{"0":{"loc":{"start":{"line":28,"column":2},"end":{"line":30,"column":3}},"type":"if","locations":[{"start":{"line":28,"column":2},"end":{"line":30,"column":3}}]}},"s":{"0":6,"1":6,"2":6,"3":3,"4":3,"5":3,"6":6,"7":1,"8":1,"9":6,"10":2,"11":2,"12":2,"13":1,"14":1,"15":6,"16":1,"17":1,"18":6,"19":1,"20":1,"21":6},"f":{"0":3,"1":3,"2":1,"3":1,"4":2,"5":2,"6":1,"7":1,"8":1,"9":1},"b":{"0":[1]}}
,"/Users/jappy/Codeit/1-sprint-mission/sprint_3/src/services/productService.ts": {"path":"/Users/jappy/Codeit/1-sprint-mission/sprint_3/src/services/productService.ts","statementMap":{"0":{"start":{"line":2,"column":0},"end":{"line":2,"column":55}},"1":{"start":{"line":3,"column":0},"end":{"line":3,"column":66}},"2":{"start":{"line":4,"column":0},"end":{"line":4,"column":66}},"3":{"start":{"line":6,"column":0},"end":{"line":6,"column":63}},"4":{"start":{"line":7,"column":0},"end":{"line":7,"column":50}},"5":{"start":{"line":9,"column":15},"end":{"line":25,"column":2}},"6":{"start":{"line":15,"column":4},"end":{"line":25,"column":2}},"7":{"start":{"line":16,"column":19},"end":{"line":21,"column":null}},"8":{"start":{"line":24,"column":2},"end":{"line":24,"column":18}},"9":{"start":{"line":27,"column":22},"end":{"line":29,"column":2}},"10":{"start":{"line":27,"column":67},"end":{"line":29,"column":2}},"11":{"start":{"line":28,"column":2},"end":{"line":28,"column":48}},"12":{"start":{"line":31,"column":16},"end":{"line":39,"column":2}},"13":{"start":{"line":31,"column":37},"end":{"line":39,"column":2}},"14":{"start":{"line":32,"column":18},"end":{"line":32,"column":53}},"15":{"start":{"line":34,"column":2},"end":{"line":36,"column":3}},"16":{"start":{"line":35,"column":4},"end":{"line":35,"column":34}},"17":{"start":{"line":38,"column":2},"end":{"line":38,"column":17}},"18":{"start":{"line":41,"column":15},"end":{"line":60,"column":2}},"19":{"start":{"line":41,"column":63},"end":{"line":60,"column":2}},"20":{"start":{"line":43,"column":2},"end":{"line":58,"column":3}},"21":{"start":{"line":44,"column":23},"end":{"line":44,"column":60}},"22":{"start":{"line":46,"column":4},"end":{"line":57,"column":5}},"23":{"start":{"line":47,"column":24},"end":{"line":47,"column":57}},"24":{"start":{"line":47,"column":46},"end":{"line":47,"column":56}},"25":{"start":{"line":48,"column":28},"end":{"line":50,"column":null}},"26":{"start":{"line":52,"column":6},"end":{"line":56,"column":8}},"27":{"start":{"line":54,"column":10},"end":{"line":54,"column":59}},"28":{"start":{"line":59,"column":2},"end":{"line":59,"column":53}},"29":{"start":{"line":62,"column":22},"end":{"line":64,"column":2}},"30":{"start":{"line":62,"column":43},"end":{"line":64,"column":2}},"31":{"start":{"line":63,"column":2},"end":{"line":63,"column":51}},"32":{"start":{"line":66,"column":0},"end":{"line":72,"column":2}}},"fnMap":{"0":{"name":"(anonymous_8)","decl":{"start":{"line":9,"column":15},"end":{"line":9,"column":null}},"loc":{"start":{"line":15,"column":4},"end":{"line":25,"column":2}}},"1":{"name":"(anonymous_9)","decl":{"start":{"line":15,"column":4},"end":{"line":15,"column":null}},"loc":{"start":{"line":15,"column":4},"end":{"line":25,"column":1}}},"2":{"name":"(anonymous_10)","decl":{"start":{"line":27,"column":22},"end":{"line":27,"column":29}},"loc":{"start":{"line":27,"column":67},"end":{"line":29,"column":2}}},"3":{"name":"(anonymous_11)","decl":{"start":{"line":27,"column":67},"end":{"line":27,"column":null}},"loc":{"start":{"line":27,"column":67},"end":{"line":29,"column":1}}},"4":{"name":"(anonymous_12)","decl":{"start":{"line":31,"column":16},"end":{"line":31,"column":23}},"loc":{"start":{"line":31,"column":37},"end":{"line":39,"column":2}}},"5":{"name":"(anonymous_13)","decl":{"start":{"line":31,"column":37},"end":{"line":31,"column":null}},"loc":{"start":{"line":31,"column":37},"end":{"line":39,"column":1}}},"6":{"name":"(anonymous_14)","decl":{"start":{"line":41,"column":15},"end":{"line":41,"column":22}},"loc":{"start":{"line":41,"column":63},"end":{"line":60,"column":2}}},"7":{"name":"(anonymous_15)","decl":{"start":{"line":41,"column":63},"end":{"line":41,"column":null}},"loc":{"start":{"line":41,"column":63},"end":{"line":60,"column":1}}},"8":{"name":"(anonymous_16)","decl":{"start":{"line":47,"column":39},"end":{"line":47,"column":40}},"loc":{"start":{"line":47,"column":46},"end":{"line":47,"column":56}}},"9":{"name":"(anonymous_17)","decl":{"start":{"line":53,"column":26},"end":{"line":53,"column":27}},"loc":{"start":{"line":54,"column":10},"end":{"line":54,"column":59}}},"10":{"name":"(anonymous_18)","decl":{"start":{"line":62,"column":22},"end":{"line":62,"column":29}},"loc":{"start":{"line":62,"column":43},"end":{"line":64,"column":2}}},"11":{"name":"(anonymous_19)","decl":{"start":{"line":62,"column":43},"end":{"line":62,"column":null}},"loc":{"start":{"line":62,"column":43},"end":{"line":64,"column":1}}}},"branchMap":{"0":{"loc":{"start":{"line":34,"column":2},"end":{"line":36,"column":3}},"type":"if","locations":[{"start":{"line":34,"column":2},"end":{"line":36,"column":3}}]},"1":{"loc":{"start":{"line":43,"column":2},"end":{"line":58,"column":3}},"type":"if","locations":[{"start":{"line":43,"column":2},"end":{"line":58,"column":3}}]},"2":{"loc":{"start":{"line":46,"column":4},"end":{"line":57,"column":5}},"type":"if","locations":[{"start":{"line":46,"column":4},"end":{"line":57,"column":5}}]}},"s":{"0":6,"1":6,"2":6,"3":6,"4":6,"5":6,"6":6,"7":6,"8":6,"9":6,"10":1,"11":1,"12":6,"13":3,"14":3,"15":3,"16":1,"17":2,"18":6,"19":2,"20":2,"21":2,"22":2,"23":2,"24":2,"25":2,"26":2,"27":2,"28":2,"29":6,"30":1,"31":1,"32":6},"f":{"0":6,"1":6,"2":1,"3":1,"4":3,"5":3,"6":2,"7":2,"8":2,"9":2,"10":1,"11":1},"b":{"0":[1],"1":[2],"2":[2]}}
,"/Users/jappy/Codeit/1-sprint-mission/sprint_3/src/services/userService.ts": {"path":"/Users/jappy/Codeit/1-sprint-mission/sprint_3/src/services/userService.ts","statementMap":{"0":{"start":{"line":1,"column":0},"end":{"line":1,"column":31}},"1":{"start":{"line":2,"column":0},"end":{"line":2,"column":28}},"2":{"start":{"line":3,"column":0},"end":{"line":3,"column":60}},"3":{"start":{"line":4,"column":0},"end":{"line":4,"column":55}},"4":{"start":{"line":5,"column":0},"end":{"line":5,"column":63}},"5":{"start":{"line":6,"column":0},"end":{"line":6,"column":57}},"6":{"start":{"line":13,"column":0},"end":{"line":13,"column":58}},"7":{"start":{"line":14,"column":0},"end":{"line":14,"column":46}},"8":{"start":{"line":18,"column":24},"end":{"line":20,"column":2}},"9":{"start":{"line":18,"column":51},"end":{"line":20,"column":2}},"10":{"start":{"line":19,"column":2},"end":{"line":19,"column":35}},"11":{"start":{"line":23,"column":46},"end":{"line":23,"column":50}},"12":{"start":{"line":23,"column":41},"end":{"line":23,"column":46}},"13":{"start":{"line":24,"column":2},"end":{"line":24,"column":14}},"14":{"start":{"line":27,"column":23},"end":{"line":32,"column":2}},"15":{"start":{"line":27,"column":73},"end":{"line":32,"column":2}},"16":{"start":{"line":28,"column":18},"end":{"line":28,"column":63}},"17":{"start":{"line":29,"column":2},"end":{"line":31,"column":3}},"18":{"start":{"line":30,"column":4},"end":{"line":30,"column":52}},"19":{"start":{"line":35,"column":18},"end":{"line":35,"column":33}},"20":{"start":{"line":36,"column":20},"end":{"line":36,"column":53}},"21":{"start":{"line":37,"column":2},"end":{"line":39,"column":3}},"22":{"start":{"line":38,"column":4},"end":{"line":38,"column":44}},"23":{"start":{"line":40,"column":2},"end":{"line":40,"column":54}},"24":{"start":{"line":43,"column":19},"end":{"line":57,"column":2}},"25":{"start":{"line":43,"column":49},"end":{"line":57,"column":2}},"26":{"start":{"line":44,"column":22},"end":{"line":44,"column":66}},"27":{"start":{"line":46,"column":2},"end":{"line":48,"column":3}},"28":{"start":{"line":47,"column":4},"end":{"line":47,"column":48}},"29":{"start":{"line":50,"column":25},"end":{"line":50,"column":61}},"30":{"start":{"line":51,"column":22},"end":{"line":53,"column":null}},"31":{"start":{"line":56,"column":2},"end":{"line":56,"column":46}},"32":{"start":{"line":59,"column":16},"end":{"line":68,"column":2}},"33":{"start":{"line":59,"column":58},"end":{"line":68,"column":2}},"34":{"start":{"line":60,"column":15},"end":{"line":60,"column":54}},"35":{"start":{"line":62,"column":2},"end":{"line":64,"column":3}},"36":{"start":{"line":63,"column":4},"end":{"line":63,"column":34}},"37":{"start":{"line":66,"column":2},"end":{"line":66,"column":48}},"38":{"start":{"line":67,"column":2},"end":{"line":67,"column":39}},"39":{"start":{"line":70,"column":19},"end":{"line":80,"column":2}},"40":{"start":{"line":70,"column":61},"end":{"line":80,"column":2}},"41":{"start":{"line":71,"column":20},"end":{"line":71,"column":34}},"42":{"start":{"line":72,"column":2},"end":{"line":75,"column":3}},"43":{"start":{"line":73,"column":27},"end":{"line":73,"column":71}},"44":{"start":{"line":74,"column":4},"end":{"line":74,"column":43}},"45":{"start":{"line":77,"column":21},"end":{"line":77,"column":66}},"46":{"start":{"line":79,"column":2},"end":{"line":79,"column":45}},"47":{"start":{"line":82,"column":18},"end":{"line":91,"column":2}},"48":{"start":{"line":82,"column":61},"end":{"line":91,"column":2}},"49":{"start":{"line":83,"column":15},"end":{"line":83,"column":52}},"50":{"start":{"line":85,"column":2},"end":{"line":87,"column":3}},"51":{"start":{"line":86,"column":4},"end":{"line":86,"column":34}},"52":{"start":{"line":89,"column":2},"end":{"line":89,"column":48}},"53":{"start":{"line":90,"column":2},"end":{"line":90,"column":39}},"54":{"start":{"line":93,"column":21},"end":{"line":97,"column":2}},"55":{"start":{"line":93,"column":46},"end":{"line":97,"column":2}},"56":{"start":{"line":94,"column":22},"end":{"line":94,"column":61}},"57":{"start":{"line":96,"column":2},"end":{"line":96,"column":21}},"58":{"start":{"line":99,"column":26},"end":{"line":103,"column":2}},"59":{"start":{"line":99,"column":51},"end":{"line":103,"column":2}},"60":{"start":{"line":100,"column":27},"end":{"line":100,"column":71}},"61":{"start":{"line":102,"column":2},"end":{"line":102,"column":26}},"62":{"start":{"line":105,"column":21},"end":{"line":113,"column":2}},"63":{"start":{"line":105,"column":68},"end":{"line":113,"column":2}},"64":{"start":{"line":106,"column":15},"end":{"line":106,"column":52}},"65":{"start":{"line":107,"column":2},"end":{"line":109,"column":3}},"66":{"start":{"line":108,"column":4},"end":{"line":108,"column":34}},"67":{"start":{"line":110,"column":22},"end":{"line":110,"column":49}},"68":{"start":{"line":111,"column":26},"end":{"line":111,"column":54}},"69":{"start":{"line":112,"column":2},"end":{"line":112,"column":42}},"70":{"start":{"line":115,"column":0},"end":{"line":124,"column":2}}},"fnMap":{"0":{"name":"(anonymous_9)","decl":{"start":{"line":18,"column":24},"end":{"line":18,"column":31}},"loc":{"start":{"line":18,"column":51},"end":{"line":20,"column":2}}},"1":{"name":"(anonymous_10)","decl":{"start":{"line":18,"column":51},"end":{"line":18,"column":null}},"loc":{"start":{"line":18,"column":51},"end":{"line":20,"column":1}}},"2":{"name":"filterSensitiveUserData","decl":{"start":{"line":22,"column":9},"end":{"line":22,"column":32}},"loc":{"start":{"line":22,"column":46},"end":{"line":25,"column":1}}},"3":{"name":"(anonymous_12)","decl":{"start":{"line":27,"column":23},"end":{"line":27,"column":30}},"loc":{"start":{"line":27,"column":73},"end":{"line":32,"column":2}}},"4":{"name":"(anonymous_13)","decl":{"start":{"line":27,"column":73},"end":{"line":27,"column":null}},"loc":{"start":{"line":27,"column":73},"end":{"line":32,"column":1}}},"5":{"name":"createToken","decl":{"start":{"line":34,"column":9},"end":{"line":34,"column":20}},"loc":{"start":{"line":34,"column":49},"end":{"line":41,"column":1}}},"6":{"name":"(anonymous_15)","decl":{"start":{"line":43,"column":19},"end":{"line":43,"column":26}},"loc":{"start":{"line":43,"column":49},"end":{"line":57,"column":2}}},"7":{"name":"(anonymous_16)","decl":{"start":{"line":43,"column":49},"end":{"line":43,"column":null}},"loc":{"start":{"line":43,"column":49},"end":{"line":57,"column":1}}},"8":{"name":"(anonymous_17)","decl":{"start":{"line":59,"column":16},"end":{"line":59,"column":23}},"loc":{"start":{"line":59,"column":58},"end":{"line":68,"column":2}}},"9":{"name":"(anonymous_18)","decl":{"start":{"line":59,"column":58},"end":{"line":59,"column":null}},"loc":{"start":{"line":59,"column":58},"end":{"line":68,"column":1}}},"10":{"name":"(anonymous_19)","decl":{"start":{"line":70,"column":19},"end":{"line":70,"column":26}},"loc":{"start":{"line":70,"column":61},"end":{"line":80,"column":2}}},"11":{"name":"(anonymous_20)","decl":{"start":{"line":70,"column":61},"end":{"line":70,"column":null}},"loc":{"start":{"line":70,"column":61},"end":{"line":80,"column":1}}},"12":{"name":"(anonymous_21)","decl":{"start":{"line":82,"column":18},"end":{"line":82,"column":25}},"loc":{"start":{"line":82,"column":61},"end":{"line":91,"column":2}}},"13":{"name":"(anonymous_22)","decl":{"start":{"line":82,"column":61},"end":{"line":82,"column":null}},"loc":{"start":{"line":82,"column":61},"end":{"line":91,"column":1}}},"14":{"name":"(anonymous_23)","decl":{"start":{"line":93,"column":21},"end":{"line":93,"column":28}},"loc":{"start":{"line":93,"column":46},"end":{"line":97,"column":2}}},"15":{"name":"(anonymous_24)","decl":{"start":{"line":93,"column":46},"end":{"line":93,"column":null}},"loc":{"start":{"line":93,"column":46},"end":{"line":97,"column":1}}},"16":{"name":"(anonymous_25)","decl":{"start":{"line":99,"column":26},"end":{"line":99,"column":33}},"loc":{"start":{"line":99,"column":51},"end":{"line":103,"column":2}}},"17":{"name":"(anonymous_26)","decl":{"start":{"line":99,"column":51},"end":{"line":99,"column":null}},"loc":{"start":{"line":99,"column":51},"end":{"line":103,"column":1}}},"18":{"name":"(anonymous_27)","decl":{"start":{"line":105,"column":21},"end":{"line":105,"column":28}},"loc":{"start":{"line":105,"column":68},"end":{"line":113,"column":2}}},"19":{"name":"(anonymous_28)","decl":{"start":{"line":105,"column":68},"end":{"line":105,"column":null}},"loc":{"start":{"line":105,"column":68},"end":{"line":113,"column":1}}}},"branchMap":{"0":{"loc":{"start":{"line":29,"column":2},"end":{"line":31,"column":3}},"type":"if","locations":[{"start":{"line":29,"column":2},"end":{"line":31,"column":3}}]},"1":{"loc":{"start":{"line":36,"column":20},"end":{"line":36,"column":53}},"type":"cond-expr","locations":[{"start":{"line":36,"column":41},"end":{"line":36,"column":46}},{"start":{"line":36,"column":49},"end":{"line":36,"column":53}}]},"2":{"loc":{"start":{"line":37,"column":2},"end":{"line":39,"column":3}},"type":"if","locations":[{"start":{"line":37,"column":2},"end":{"line":39,"column":3}}]},"3":{"loc":{"start":{"line":46,"column":2},"end":{"line":48,"column":3}},"type":"if","locations":[{"start":{"line":46,"column":2},"end":{"line":48,"column":3}}]},"4":{"loc":{"start":{"line":62,"column":2},"end":{"line":64,"column":3}},"type":"if","locations":[{"start":{"line":62,"column":2},"end":{"line":64,"column":3}}]},"5":{"loc":{"start":{"line":72,"column":2},"end":{"line":75,"column":3}},"type":"if","locations":[{"start":{"line":72,"column":2},"end":{"line":75,"column":3}}]},"6":{"loc":{"start":{"line":85,"column":2},"end":{"line":87,"column":3}},"type":"if","locations":[{"start":{"line":85,"column":2},"end":{"line":87,"column":3}}]},"7":{"loc":{"start":{"line":107,"column":2},"end":{"line":109,"column":3}},"type":"if","locations":[{"start":{"line":107,"column":2},"end":{"line":109,"column":3}}]},"8":{"loc":{"start":{"line":107,"column":6},"end":{"line":107,"column":49}},"type":"binary-expr","locations":[{"start":{"line":107,"column":6},"end":{"line":107,"column":11}},{"start":{"line":107,"column":15},"end":{"line":107,"column":49}}]}},"s":{"0":6,"1":6,"2":6,"3":6,"4":6,"5":6,"6":6,"7":6,"8":6,"9":1,"10":1,"11":17,"12":17,"13":17,"14":6,"15":8,"16":8,"17":8,"18":0,"19":16,"20":16,"21":16,"22":0,"23":16,"24":6,"25":1,"26":1,"27":1,"28":0,"29":1,"30":1,"31":1,"32":6,"33":8,"34":8,"35":8,"36":0,"37":8,"38":8,"39":6,"40":8,"41":8,"42":8,"43":0,"44":0,"45":8,"46":8,"47":6,"48":0,"49":0,"50":0,"51":0,"52":0,"53":0,"54":6,"55":0,"56":0,"57":0,"58":6,"59":0,"60":0,"61":0,"62":6,"63":0,"64":0,"65":0,"66":0,"67":0,"68":0,"69":0,"70":6},"f":{"0":1,"1":1,"2":17,"3":8,"4":8,"5":16,"6":1,"7":1,"8":8,"9":8,"10":8,"11":8,"12":0,"13":0,"14":0,"15":0,"16":0,"17":0,"18":0,"19":0},"b":{"0":[0],"1":[8,8],"2":[0],"3":[0],"4":[0],"5":[0],"6":[0],"7":[0],"8":[0,0]}}
}
