{"/Users/jappy/Codeit/1-sprint-mission/sprint_3/src/controllers/articleController.ts": {"path":"/Users/jappy/Codeit/1-sprint-mission/sprint_3/src/controllers/articleController.ts","statementMap":{"0":{"start":{"line":2,"column":0},"end":{"line":2,"column":37}},"1":{"start":{"line":3,"column":0},"end":{"line":3,"column":56}},"2":{"start":{"line":4,"column":0},"end":{"line":4,"column":null}},"3":{"start":{"line":9,"column":0},"end":{"line":9,"column":57}},"4":{"start":{"line":10,"column":0},"end":{"line":10,"column":63}},"5":{"start":{"line":12,"column":42},"end":{"line":16,"column":2}},"6":{"start":{"line":12,"column":61},"end":{"line":16,"column":2}},"7":{"start":{"line":13,"column":46},"end":{"line":13,"column":79}},"8":{"start":{"line":14,"column":19},"end":{"line":14,"column":79}},"9":{"start":{"line":15,"column":2},"end":{"line":15,"column":33}},"10":{"start":{"line":12,"column":13},"end":{"line":12,"column":42}},"11":{"start":{"line":18,"column":45},"end":{"line":29,"column":2}},"12":{"start":{"line":18,"column":64},"end":{"line":29,"column":2}},"13":{"start":{"line":19,"column":17},"end":{"line":19,"column":28}},"14":{"start":{"line":21,"column":2},"end":{"line":23,"column":3}},"15":{"start":{"line":22,"column":4},"end":{"line":22,"column":34}},"16":{"start":{"line":25,"column":15},"end":{"line":25,"column":55}},"17":{"start":{"line":26,"column":18},"end":{"line":26,"column":59}},"18":{"start":{"line":28,"column":2},"end":{"line":28,"column":32}},"19":{"start":{"line":18,"column":13},"end":{"line":18,"column":45}},"20":{"start":{"line":31,"column":48},"end":{"line":35,"column":2}},"21":{"start":{"line":31,"column":67},"end":{"line":35,"column":2}},"22":{"start":{"line":32,"column":17},"end":{"line":32,"column":51}},"23":{"start":{"line":33,"column":18},"end":{"line":33,"column":50}},"24":{"start":{"line":34,"column":2},"end":{"line":34,"column":32}},"25":{"start":{"line":31,"column":13},"end":{"line":31,"column":48}},"26":{"start":{"line":37,"column":44},"end":{"line":43,"column":2}},"27":{"start":{"line":37,"column":63},"end":{"line":43,"column":2}},"28":{"start":{"line":38,"column":17},"end":{"line":38,"column":28}},"29":{"start":{"line":39,"column":17},"end":{"line":39,"column":51}},"30":{"start":{"line":40,"column":18},"end":{"line":40,"column":58}},"31":{"start":{"line":41,"column":18},"end":{"line":41,"column":58}},"32":{"start":{"line":42,"column":2},"end":{"line":42,"column":32}},"33":{"start":{"line":37,"column":13},"end":{"line":37,"column":44}},"34":{"start":{"line":45,"column":45},"end":{"line":49,"column":2}},"35":{"start":{"line":45,"column":64},"end":{"line":49,"column":2}},"36":{"start":{"line":46,"column":17},"end":{"line":46,"column":51}},"37":{"start":{"line":47,"column":2},"end":{"line":47,"column":38}},"38":{"start":{"line":48,"column":2},"end":{"line":48,"column":22}},"39":{"start":{"line":45,"column":13},"end":{"line":45,"column":45}}},"fnMap":{"0":{"name":"(anonymous_8)","decl":{"start":{"line":12,"column":42},"end":{"line":12,"column":49}},"loc":{"start":{"line":12,"column":61},"end":{"line":16,"column":2}}},"1":{"name":"(anonymous_9)","decl":{"start":{"line":12,"column":61},"end":{"line":12,"column":null}},"loc":{"start":{"line":12,"column":61},"end":{"line":16,"column":1}}},"2":{"name":"(anonymous_10)","decl":{"start":{"line":18,"column":45},"end":{"line":18,"column":52}},"loc":{"start":{"line":18,"column":64},"end":{"line":29,"column":2}}},"3":{"name":"(anonymous_11)","decl":{"start":{"line":18,"column":64},"end":{"line":18,"column":null}},"loc":{"start":{"line":18,"column":64},"end":{"line":29,"column":1}}},"4":{"name":"(anonymous_12)","decl":{"start":{"line":31,"column":48},"end":{"line":31,"column":55}},"loc":{"start":{"line":31,"column":67},"end":{"line":35,"column":2}}},"5":{"name":"(anonymous_13)","decl":{"start":{"line":31,"column":67},"end":{"line":31,"column":null}},"loc":{"start":{"line":31,"column":67},"end":{"line":35,"column":1}}},"6":{"name":"(anonymous_14)","decl":{"start":{"line":37,"column":44},"end":{"line":37,"column":51}},"loc":{"start":{"line":37,"column":63},"end":{"line":43,"column":2}}},"7":{"name":"(anonymous_15)","decl":{"start":{"line":37,"column":63},"end":{"line":37,"column":null}},"loc":{"start":{"line":37,"column":63},"end":{"line":43,"column":1}}},"8":{"name":"(anonymous_16)","decl":{"start":{"line":45,"column":45},"end":{"line":45,"column":52}},"loc":{"start":{"line":45,"column":64},"end":{"line":49,"column":2}}},"9":{"name":"(anonymous_17)","decl":{"start":{"line":45,"column":64},"end":{"line":45,"column":null}},"loc":{"start":{"line":45,"column":64},"end":{"line":49,"column":1}}}},"branchMap":{"0":{"loc":{"start":{"line":21,"column":2},"end":{"line":23,"column":3}},"type":"if","locations":[{"start":{"line":21,"column":2},"end":{"line":23,"column":3}}]}},"s":{"0":1,"1":1,"2":1,"3":1,"4":1,"5":1,"6":0,"7":0,"8":0,"9":0,"10":1,"11":1,"12":0,"13":0,"14":0,"15":0,"16":0,"17":0,"18":0,"19":1,"20":1,"21":0,"22":0,"23":0,"24":0,"25":1,"26":1,"27":0,"28":0,"29":0,"30":0,"31":0,"32":0,"33":1,"34":1,"35":0,"36":0,"37":0,"38":0,"39":1},"f":{"0":0,"1":0,"2":0,"3":0,"4":0,"5":0,"6":0,"7":0,"8":0,"9":0},"b":{"0":[0]}}
,"/Users/jappy/Codeit/1-sprint-mission/sprint_3/src/controllers/productController.ts": {"path":"/Users/jappy/Codeit/1-sprint-mission/sprint_3/src/controllers/productController.ts","statementMap":{"0":{"start":{"line":1,"column":0},"end":{"line":1,"column":37}},"1":{"start":{"line":2,"column":0},"end":{"line":2,"column":56}},"2":{"start":{"line":3,"column":0},"end":{"line":3,"column":null}},"3":{"start":{"line":8,"column":0},"end":{"line":8,"column":57}},"4":{"start":{"line":10,"column":0},"end":{"line":10,"column":63}},"5":{"start":{"line":11,"column":0},"end":{"line":11,"column":66}},"6":{"start":{"line":13,"column":0},"end":{"line":13,"column":63}},"7":{"start":{"line":14,"column":0},"end":{"line":14,"column":50}},"8":{"start":{"line":16,"column":41},"end":{"line":28,"column":2}},"9":{"start":{"line":16,"column":60},"end":{"line":28,"column":2}},"10":{"start":{"line":17,"column":2},"end":{"line":17,"column":24}},"11":{"start":{"line":18,"column":17},"end":{"line":18,"column":37}},"12":{"start":{"line":19,"column":46},"end":{"line":19,"column":79}},"13":{"start":{"line":20,"column":19},"end":{"line":25,"column":null}},"14":{"start":{"line":27,"column":2},"end":{"line":27,"column":33}},"15":{"start":{"line":16,"column":13},"end":{"line":16,"column":41}},"16":{"start":{"line":30,"column":45},"end":{"line":39,"column":2}},"17":{"start":{"line":30,"column":64},"end":{"line":39,"column":2}},"18":{"start":{"line":31,"column":17},"end":{"line":31,"column":28}},"19":{"start":{"line":32,"column":2},"end":{"line":34,"column":3}},"20":{"start":{"line":33,"column":4},"end":{"line":33,"column":34}},"21":{"start":{"line":35,"column":15},"end":{"line":35,"column":55}},"22":{"start":{"line":36,"column":18},"end":{"line":36,"column":66}},"23":{"start":{"line":38,"column":2},"end":{"line":38,"column":32}},"24":{"start":{"line":30,"column":13},"end":{"line":30,"column":45}},"25":{"start":{"line":41,"column":48},"end":{"line":46,"column":2}},"26":{"start":{"line":41,"column":67},"end":{"line":46,"column":2}},"27":{"start":{"line":42,"column":17},"end":{"line":42,"column":51}},"28":{"start":{"line":43,"column":18},"end":{"line":43,"column":50}},"29":{"start":{"line":45,"column":2},"end":{"line":45,"column":32}},"30":{"start":{"line":41,"column":13},"end":{"line":41,"column":48}},"31":{"start":{"line":48,"column":44},"end":{"line":73,"column":2}},"32":{"start":{"line":48,"column":63},"end":{"line":73,"column":2}},"33":{"start":{"line":49,"column":17},"end":{"line":49,"column":28}},"34":{"start":{"line":50,"column":2},"end":{"line":52,"column":3}},"35":{"start":{"line":51,"column":4},"end":{"line":51,"column":34}},"36":{"start":{"line":54,"column":17},"end":{"line":54,"column":51}},"37":{"start":{"line":55,"column":15},"end":{"line":55,"column":55}},"38":{"start":{"line":56,"column":24},"end":{"line":56,"column":61}},"39":{"start":{"line":58,"column":2},"end":{"line":70,"column":3}},"40":{"start":{"line":59,"column":23},"end":{"line":59,"column":60}},"41":{"start":{"line":60,"column":22},"end":{"line":60,"column":55}},"42":{"start":{"line":60,"column":44},"end":{"line":60,"column":54}},"43":{"start":{"line":61,"column":26},"end":{"line":63,"column":null}},"44":{"start":{"line":65,"column":4},"end":{"line":69,"column":6}},"45":{"start":{"line":67,"column":8},"end":{"line":67,"column":57}},"46":{"start":{"line":72,"column":2},"end":{"line":72,"column":38}},"47":{"start":{"line":48,"column":13},"end":{"line":48,"column":44}},"48":{"start":{"line":75,"column":45},"end":{"line":83,"column":2}},"49":{"start":{"line":75,"column":64},"end":{"line":83,"column":2}},"50":{"start":{"line":76,"column":17},"end":{"line":76,"column":28}},"51":{"start":{"line":77,"column":2},"end":{"line":79,"column":3}},"52":{"start":{"line":78,"column":4},"end":{"line":78,"column":34}},"53":{"start":{"line":80,"column":17},"end":{"line":80,"column":51}},"54":{"start":{"line":81,"column":2},"end":{"line":81,"column":41}},"55":{"start":{"line":82,"column":2},"end":{"line":82,"column":22}},"56":{"start":{"line":75,"column":13},"end":{"line":75,"column":45}}},"fnMap":{"0":{"name":"(anonymous_8)","decl":{"start":{"line":16,"column":41},"end":{"line":16,"column":48}},"loc":{"start":{"line":16,"column":60},"end":{"line":28,"column":2}}},"1":{"name":"(anonymous_9)","decl":{"start":{"line":16,"column":60},"end":{"line":16,"column":null}},"loc":{"start":{"line":16,"column":60},"end":{"line":28,"column":1}}},"2":{"name":"(anonymous_10)","decl":{"start":{"line":30,"column":45},"end":{"line":30,"column":52}},"loc":{"start":{"line":30,"column":64},"end":{"line":39,"column":2}}},"3":{"name":"(anonymous_11)","decl":{"start":{"line":30,"column":64},"end":{"line":30,"column":null}},"loc":{"start":{"line":30,"column":64},"end":{"line":39,"column":1}}},"4":{"name":"(anonymous_12)","decl":{"start":{"line":41,"column":48},"end":{"line":41,"column":55}},"loc":{"start":{"line":41,"column":67},"end":{"line":46,"column":2}}},"5":{"name":"(anonymous_13)","decl":{"start":{"line":41,"column":67},"end":{"line":41,"column":null}},"loc":{"start":{"line":41,"column":67},"end":{"line":46,"column":1}}},"6":{"name":"(anonymous_14)","decl":{"start":{"line":48,"column":44},"end":{"line":48,"column":51}},"loc":{"start":{"line":48,"column":63},"end":{"line":73,"column":2}}},"7":{"name":"(anonymous_15)","decl":{"start":{"line":48,"column":63},"end":{"line":48,"column":null}},"loc":{"start":{"line":48,"column":63},"end":{"line":73,"column":1}}},"8":{"name":"(anonymous_16)","decl":{"start":{"line":60,"column":37},"end":{"line":60,"column":38}},"loc":{"start":{"line":60,"column":44},"end":{"line":60,"column":54}}},"9":{"name":"(anonymous_17)","decl":{"start":{"line":66,"column":24},"end":{"line":66,"column":25}},"loc":{"start":{"line":67,"column":8},"end":{"line":67,"column":57}}},"10":{"name":"(anonymous_18)","decl":{"start":{"line":75,"column":45},"end":{"line":75,"column":52}},"loc":{"start":{"line":75,"column":64},"end":{"line":83,"column":2}}},"11":{"name":"(anonymous_19)","decl":{"start":{"line":75,"column":64},"end":{"line":75,"column":null}},"loc":{"start":{"line":75,"column":64},"end":{"line":83,"column":1}}}},"branchMap":{"0":{"loc":{"start":{"line":18,"column":17},"end":{"line":18,"column":37}},"type":"cond-expr","locations":[{"start":{"line":18,"column":29},"end":{"line":18,"column":33}},{"start":{"line":18,"column":33},"end":{"line":18,"column":37}}]},"1":{"loc":{"start":{"line":18,"column":17},"end":{"line":18,"column":33}},"type":"binary-expr","locations":[{"start":{"line":18,"column":17},"end":{"line":18,"column":33}},{"start":{"line":18,"column":29},"end":{"line":18,"column":33}}]},"2":{"loc":{"start":{"line":18,"column":17},"end":{"line":18,"column":29}},"type":"cond-expr","locations":[{"start":{"line":18,"column":25},"end":{"line":18,"column":27}},{"start":{"line":18,"column":25},"end":{"line":18,"column":29}}]},"3":{"loc":{"start":{"line":18,"column":17},"end":{"line":18,"column":27}},"type":"binary-expr","locations":[{"start":{"line":18,"column":17},"end":{"line":18,"column":27}},{"start":{"line":18,"column":25},"end":{"line":18,"column":27}}]},"4":{"loc":{"start":{"line":32,"column":2},"end":{"line":34,"column":3}},"type":"if","locations":[{"start":{"line":32,"column":2},"end":{"line":34,"column":3}}]},"5":{"loc":{"start":{"line":50,"column":2},"end":{"line":52,"column":3}},"type":"if","locations":[{"start":{"line":50,"column":2},"end":{"line":52,"column":3}}]},"6":{"loc":{"start":{"line":58,"column":2},"end":{"line":70,"column":3}},"type":"if","locations":[{"start":{"line":58,"column":2},"end":{"line":70,"column":3}}]},"7":{"loc":{"start":{"line":77,"column":2},"end":{"line":79,"column":3}},"type":"if","locations":[{"start":{"line":77,"column":2},"end":{"line":79,"column":3}}]}},"s":{"0":1,"1":1,"2":1,"3":1,"4":1,"5":1,"6":1,"7":1,"8":1,"9":1,"10":1,"11":1,"12":1,"13":1,"14":1,"15":1,"16":1,"17":0,"18":0,"19":0,"20":0,"21":0,"22":0,"23":0,"24":1,"25":1,"26":0,"27":0,"28":0,"29":0,"30":1,"31":1,"32":0,"33":0,"34":0,"35":0,"36":0,"37":0,"38":0,"39":0,"40":0,"41":0,"42":0,"43":0,"44":0,"45":0,"46":0,"47":1,"48":1,"49":0,"50":0,"51":0,"52":0,"53":0,"54":0,"55":0,"56":1},"f":{"0":1,"1":1,"2":0,"3":0,"4":0,"5":0,"6":0,"7":0,"8":0,"9":0,"10":0,"11":0},"b":{"0":[0,1],"1":[1,1],"2":[1,0],"3":[1,1],"4":[0],"5":[0],"6":[0],"7":[0]}}
,"/Users/jappy/Codeit/1-sprint-mission/sprint_3/src/controllers/userController.ts": {"path":"/Users/jappy/Codeit/1-sprint-mission/sprint_3/src/controllers/userController.ts","statementMap":{"0":{"start":{"line":2,"column":0},"end":{"line":2,"column":50}},"1":{"start":{"line":3,"column":0},"end":{"line":3,"column":63}},"2":{"start":{"line":4,"column":0},"end":{"line":4,"column":null}},"3":{"start":{"line":8,"column":0},"end":{"line":8,"column":37}},"4":{"start":{"line":10,"column":42},"end":{"line":14,"column":2}},"5":{"start":{"line":10,"column":61},"end":{"line":14,"column":2}},"6":{"start":{"line":11,"column":15},"end":{"line":11,"column":53}},"7":{"start":{"line":12,"column":15},"end":{"line":12,"column":56}},"8":{"start":{"line":13,"column":2},"end":{"line":13,"column":29}},"9":{"start":{"line":10,"column":13},"end":{"line":10,"column":42}},"10":{"start":{"line":16,"column":43},"end":{"line":37,"column":2}},"11":{"start":{"line":16,"column":62},"end":{"line":37,"column":2}},"12":{"start":{"line":17,"column":30},"end":{"line":17,"column":38}},"13":{"start":{"line":18,"column":15},"end":{"line":18,"column":57}},"14":{"start":{"line":19,"column":22},"end":{"line":19,"column":61}},"15":{"start":{"line":20,"column":23},"end":{"line":20,"column":63}},"16":{"start":{"line":21,"column":2},"end":{"line":21,"column":20}},"17":{"start":{"line":22,"column":2},"end":{"line":22,"column":58}},"18":{"start":{"line":23,"column":2},"end":{"line":28,"column":5}},"19":{"start":{"line":29,"column":2},"end":{"line":34,"column":5}},"20":{"start":{"line":36,"column":2},"end":{"line":36,"column":25}},"21":{"start":{"line":16,"column":13},"end":{"line":16,"column":43}},"22":{"start":{"line":39,"column":50},"end":{"line":65,"column":2}},"23":{"start":{"line":39,"column":69},"end":{"line":65,"column":2}},"24":{"start":{"line":40,"column":27},"end":{"line":40,"column":38}},"25":{"start":{"line":41,"column":17},"end":{"line":41,"column":28}},"26":{"start":{"line":42,"column":2},"end":{"line":44,"column":3}},"27":{"start":{"line":43,"column":4},"end":{"line":43,"column":34}},"28":{"start":{"line":45,"column":43},"end":{"line":47,"column":null}},"29":{"start":{"line":50,"column":2},"end":{"line":50,"column":74}},"30":{"start":{"line":52,"column":2},"end":{"line":57,"column":5}},"31":{"start":{"line":58,"column":2},"end":{"line":63,"column":5}},"32":{"start":{"line":64,"column":2},"end":{"line":64,"column":25}},"33":{"start":{"line":39,"column":13},"end":{"line":39,"column":50}},"34":{"start":{"line":67,"column":39},"end":{"line":77,"column":2}},"35":{"start":{"line":67,"column":58},"end":{"line":77,"column":2}},"36":{"start":{"line":68,"column":17},"end":{"line":68,"column":28}},"37":{"start":{"line":69,"column":2},"end":{"line":71,"column":3}},"38":{"start":{"line":70,"column":4},"end":{"line":70,"column":34}},"39":{"start":{"line":73,"column":23},"end":{"line":73,"column":31}},"40":{"start":{"line":75,"column":15},"end":{"line":75,"column":60}},"41":{"start":{"line":76,"column":2},"end":{"line":76,"column":29}},"42":{"start":{"line":67,"column":13},"end":{"line":67,"column":39}},"43":{"start":{"line":79,"column":42},"end":{"line":87,"column":2}},"44":{"start":{"line":79,"column":61},"end":{"line":87,"column":2}},"45":{"start":{"line":80,"column":17},"end":{"line":80,"column":28}},"46":{"start":{"line":81,"column":2},"end":{"line":83,"column":3}},"47":{"start":{"line":82,"column":4},"end":{"line":82,"column":34}},"48":{"start":{"line":84,"column":15},"end":{"line":84,"column":53}},"49":{"start":{"line":85,"column":21},"end":{"line":85,"column":63}},"50":{"start":{"line":86,"column":2},"end":{"line":86,"column":35}},"51":{"start":{"line":79,"column":13},"end":{"line":79,"column":42}},"52":{"start":{"line":89,"column":44},"end":{"line":97,"column":2}},"53":{"start":{"line":89,"column":63},"end":{"line":97,"column":2}},"54":{"start":{"line":90,"column":17},"end":{"line":90,"column":28}},"55":{"start":{"line":91,"column":2},"end":{"line":93,"column":3}},"56":{"start":{"line":92,"column":4},"end":{"line":92,"column":34}},"57":{"start":{"line":95,"column":15},"end":{"line":95,"column":53}},"58":{"start":{"line":96,"column":2},"end":{"line":96,"column":29}},"59":{"start":{"line":89,"column":13},"end":{"line":89,"column":44}},"60":{"start":{"line":99,"column":49},"end":{"line":107,"column":2}},"61":{"start":{"line":99,"column":68},"end":{"line":107,"column":2}},"62":{"start":{"line":100,"column":17},"end":{"line":100,"column":28}},"63":{"start":{"line":101,"column":2},"end":{"line":103,"column":3}},"64":{"start":{"line":102,"column":4},"end":{"line":102,"column":34}},"65":{"start":{"line":105,"column":23},"end":{"line":105,"column":66}},"66":{"start":{"line":106,"column":2},"end":{"line":106,"column":37}},"67":{"start":{"line":99,"column":13},"end":{"line":99,"column":49}}},"fnMap":{"0":{"name":"(anonymous_8)","decl":{"start":{"line":10,"column":42},"end":{"line":10,"column":49}},"loc":{"start":{"line":10,"column":61},"end":{"line":14,"column":2}}},"1":{"name":"(anonymous_9)","decl":{"start":{"line":10,"column":61},"end":{"line":10,"column":null}},"loc":{"start":{"line":10,"column":61},"end":{"line":14,"column":1}}},"2":{"name":"(anonymous_10)","decl":{"start":{"line":16,"column":43},"end":{"line":16,"column":50}},"loc":{"start":{"line":16,"column":62},"end":{"line":37,"column":2}}},"3":{"name":"(anonymous_11)","decl":{"start":{"line":16,"column":62},"end":{"line":16,"column":null}},"loc":{"start":{"line":16,"column":62},"end":{"line":37,"column":1}}},"4":{"name":"(anonymous_12)","decl":{"start":{"line":39,"column":50},"end":{"line":39,"column":57}},"loc":{"start":{"line":39,"column":69},"end":{"line":65,"column":2}}},"5":{"name":"(anonymous_13)","decl":{"start":{"line":39,"column":69},"end":{"line":39,"column":null}},"loc":{"start":{"line":39,"column":69},"end":{"line":65,"column":1}}},"6":{"name":"(anonymous_14)","decl":{"start":{"line":67,"column":39},"end":{"line":67,"column":46}},"loc":{"start":{"line":67,"column":58},"end":{"line":77,"column":2}}},"7":{"name":"(anonymous_15)","decl":{"start":{"line":67,"column":58},"end":{"line":67,"column":null}},"loc":{"start":{"line":67,"column":58},"end":{"line":77,"column":1}}},"8":{"name":"(anonymous_16)","decl":{"start":{"line":79,"column":42},"end":{"line":79,"column":49}},"loc":{"start":{"line":79,"column":61},"end":{"line":87,"column":2}}},"9":{"name":"(anonymous_17)","decl":{"start":{"line":79,"column":61},"end":{"line":79,"column":null}},"loc":{"start":{"line":79,"column":61},"end":{"line":87,"column":1}}},"10":{"name":"(anonymous_18)","decl":{"start":{"line":89,"column":44},"end":{"line":89,"column":51}},"loc":{"start":{"line":89,"column":63},"end":{"line":97,"column":2}}},"11":{"name":"(anonymous_19)","decl":{"start":{"line":89,"column":63},"end":{"line":89,"column":null}},"loc":{"start":{"line":89,"column":63},"end":{"line":97,"column":1}}},"12":{"name":"(anonymous_20)","decl":{"start":{"line":99,"column":49},"end":{"line":99,"column":56}},"loc":{"start":{"line":99,"column":68},"end":{"line":107,"column":2}}},"13":{"name":"(anonymous_21)","decl":{"start":{"line":99,"column":68},"end":{"line":99,"column":null}},"loc":{"start":{"line":99,"column":68},"end":{"line":107,"column":1}}}},"branchMap":{"0":{"loc":{"start":{"line":42,"column":2},"end":{"line":44,"column":3}},"type":"if","locations":[{"start":{"line":42,"column":2},"end":{"line":44,"column":3}}]},"1":{"loc":{"start":{"line":69,"column":2},"end":{"line":71,"column":3}},"type":"if","locations":[{"start":{"line":69,"column":2},"end":{"line":71,"column":3}}]},"2":{"loc":{"start":{"line":81,"column":2},"end":{"line":83,"column":3}},"type":"if","locations":[{"start":{"line":81,"column":2},"end":{"line":83,"column":3}}]},"3":{"loc":{"start":{"line":91,"column":2},"end":{"line":93,"column":3}},"type":"if","locations":[{"start":{"line":91,"column":2},"end":{"line":93,"column":3}}]},"4":{"loc":{"start":{"line":101,"column":2},"end":{"line":103,"column":3}},"type":"if","locations":[{"start":{"line":101,"column":2},"end":{"line":103,"column":3}}]}},"s":{"0":1,"1":1,"2":1,"3":1,"4":1,"5":1,"6":1,"7":1,"8":1,"9":1,"10":1,"11":1,"12":1,"13":1,"14":1,"15":1,"16":1,"17":1,"18":1,"19":1,"20":1,"21":1,"22":1,"23":0,"24":0,"25":0,"26":0,"27":0,"28":0,"29":0,"30":0,"31":0,"32":0,"33":1,"34":1,"35":0,"36":0,"37":0,"38":0,"39":0,"40":0,"41":0,"42":1,"43":1,"44":0,"45":0,"46":0,"47":0,"48":0,"49":0,"50":0,"51":1,"52":1,"53":0,"54":0,"55":0,"56":0,"57":0,"58":0,"59":1,"60":1,"61":0,"62":0,"63":0,"64":0,"65":0,"66":0,"67":1},"f":{"0":1,"1":1,"2":1,"3":1,"4":0,"5":0,"6":0,"7":0,"8":0,"9":0,"10":0,"11":0,"12":0,"13":0},"b":{"0":[0],"1":[0],"2":[0],"3":[0],"4":[0]}}
,"/Users/jappy/Codeit/1-sprint-mission/sprint_3/src/repositories/articleRepository.ts": {"path":"/Users/jappy/Codeit/1-sprint-mission/sprint_3/src/repositories/articleRepository.ts","statementMap":{"0":{"start":{"line":1,"column":0},"end":{"line":1,"column":38}},"1":{"start":{"line":4,"column":15},"end":{"line":35,"column":2}},"2":{"start":{"line":9,"column":4},"end":{"line":35,"column":2}},"3":{"start":{"line":10,"column":16},"end":{"line":17,"column":4}},"4":{"start":{"line":19,"column":19},"end":{"line":30,"column":4}},"5":{"start":{"line":32,"column":21},"end":{"line":32,"column":58}},"6":{"start":{"line":34,"column":2},"end":{"line":34,"column":34}},"7":{"start":{"line":37,"column":13},"end":{"line":46,"column":2}},"8":{"start":{"line":37,"column":58},"end":{"line":46,"column":2}},"9":{"start":{"line":38,"column":25},"end":{"line":43,"column":4}},"10":{"start":{"line":45,"column":2},"end":{"line":45,"column":24}},"11":{"start":{"line":48,"column":16},"end":{"line":53,"column":2}},"12":{"start":{"line":48,"column":37},"end":{"line":53,"column":2}},"13":{"start":{"line":49,"column":18},"end":{"line":51,"column":4}},"14":{"start":{"line":52,"column":2},"end":{"line":52,"column":17}},"15":{"start":{"line":55,"column":15},"end":{"line":65,"column":2}},"16":{"start":{"line":55,"column":63},"end":{"line":65,"column":2}},"17":{"start":{"line":56,"column":25},"end":{"line":62,"column":4}},"18":{"start":{"line":64,"column":2},"end":{"line":64,"column":24}},"19":{"start":{"line":67,"column":19},"end":{"line":73,"column":2}},"20":{"start":{"line":67,"column":40},"end":{"line":73,"column":2}},"21":{"start":{"line":68,"column":18},"end":{"line":70,"column":4}},"22":{"start":{"line":72,"column":2},"end":{"line":72,"column":17}},"23":{"start":{"line":75,"column":0},"end":{"line":75,"column":61}}},"fnMap":{"0":{"name":"(anonymous_8)","decl":{"start":{"line":4,"column":15},"end":{"line":4,"column":null}},"loc":{"start":{"line":9,"column":4},"end":{"line":35,"column":2}}},"1":{"name":"(anonymous_9)","decl":{"start":{"line":9,"column":4},"end":{"line":9,"column":null}},"loc":{"start":{"line":9,"column":4},"end":{"line":35,"column":1}}},"2":{"name":"(anonymous_10)","decl":{"start":{"line":37,"column":13},"end":{"line":37,"column":20}},"loc":{"start":{"line":37,"column":58},"end":{"line":46,"column":2}}},"3":{"name":"(anonymous_11)","decl":{"start":{"line":37,"column":58},"end":{"line":37,"column":null}},"loc":{"start":{"line":37,"column":58},"end":{"line":46,"column":1}}},"4":{"name":"(anonymous_12)","decl":{"start":{"line":48,"column":16},"end":{"line":48,"column":23}},"loc":{"start":{"line":48,"column":37},"end":{"line":53,"column":2}}},"5":{"name":"(anonymous_13)","decl":{"start":{"line":48,"column":37},"end":{"line":48,"column":null}},"loc":{"start":{"line":48,"column":37},"end":{"line":53,"column":1}}},"6":{"name":"(anonymous_14)","decl":{"start":{"line":55,"column":15},"end":{"line":55,"column":22}},"loc":{"start":{"line":55,"column":63},"end":{"line":65,"column":2}}},"7":{"name":"(anonymous_15)","decl":{"start":{"line":55,"column":63},"end":{"line":55,"column":null}},"loc":{"start":{"line":55,"column":63},"end":{"line":65,"column":1}}},"8":{"name":"(anonymous_16)","decl":{"start":{"line":67,"column":19},"end":{"line":67,"column":26}},"loc":{"start":{"line":67,"column":40},"end":{"line":73,"column":2}}},"9":{"name":"(anonymous_17)","decl":{"start":{"line":67,"column":40},"end":{"line":67,"column":null}},"loc":{"start":{"line":67,"column":40},"end":{"line":73,"column":1}}}},"branchMap":{"0":{"loc":{"start":{"line":12,"column":15},"end":{"line":12,"column":56}},"type":"cond-expr","locations":[{"start":{"line":12,"column":24},"end":{"line":12,"column":44}},{"start":{"line":12,"column":47},"end":{"line":12,"column":56}}]},"1":{"loc":{"start":{"line":14,"column":17},"end":{"line":14,"column":58}},"type":"cond-expr","locations":[{"start":{"line":14,"column":26},"end":{"line":14,"column":46}},{"start":{"line":14,"column":49},"end":{"line":14,"column":58}}]},"2":{"loc":{"start":{"line":27,"column":13},"end":{"line":27,"column":73}},"type":"cond-expr","locations":[{"start":{"line":27,"column":36},"end":{"line":27,"column":57}},{"start":{"line":27,"column":60},"end":{"line":27,"column":73}}]}},"s":{"0":1,"1":1,"2":0,"3":0,"4":0,"5":0,"6":0,"7":1,"8":0,"9":0,"10":0,"11":1,"12":0,"13":0,"14":0,"15":1,"16":0,"17":0,"18":0,"19":1,"20":0,"21":0,"22":0,"23":1},"f":{"0":0,"1":0,"2":0,"3":0,"4":0,"5":0,"6":0,"7":0,"8":0,"9":0},"b":{"0":[0,0],"1":[0,0],"2":[0,0]}}
,"/Users/jappy/Codeit/1-sprint-mission/sprint_3/src/repositories/productRepository.ts": {"path":"/Users/jappy/Codeit/1-sprint-mission/sprint_3/src/repositories/productRepository.ts","statementMap":{"0":{"start":{"line":1,"column":0},"end":{"line":1,"column":38}},"1":{"start":{"line":3,"column":0},"end":{"line":3,"column":46}},"2":{"start":{"line":5,"column":15},"end":{"line":50,"column":2}},"3":{"start":{"line":11,"column":4},"end":{"line":50,"column":2}},"4":{"start":{"line":12,"column":16},"end":{"line":14,"column":4}},"5":{"start":{"line":16,"column":19},"end":{"line":27,"column":4}},"6":{"start":{"line":29,"column":25},"end":{"line":29,"column":33}},"7":{"start":{"line":31,"column":2},"end":{"line":44,"column":3}},"8":{"start":{"line":32,"column":4},"end":{"line":43,"column":6}},"9":{"start":{"line":33,"column":37},"end":{"line":42,"column":8}},"10":{"start":{"line":34,"column":28},"end":{"line":36,"column":null}},"11":{"start":{"line":38,"column":8},"end":{"line":40,"column":null}},"12":{"start":{"line":47,"column":21},"end":{"line":47,"column":58}},"13":{"start":{"line":49,"column":2},"end":{"line":49,"column":52}},"14":{"start":{"line":52,"column":13},"end":{"line":62,"column":2}},"15":{"start":{"line":52,"column":58},"end":{"line":62,"column":2}},"16":{"start":{"line":53,"column":25},"end":{"line":60,"column":4}},"17":{"start":{"line":61,"column":2},"end":{"line":61,"column":24}},"18":{"start":{"line":64,"column":16},"end":{"line":69,"column":2}},"19":{"start":{"line":64,"column":37},"end":{"line":69,"column":2}},"20":{"start":{"line":65,"column":18},"end":{"line":67,"column":4}},"21":{"start":{"line":68,"column":2},"end":{"line":68,"column":17}},"22":{"start":{"line":71,"column":15},"end":{"line":77,"column":2}},"23":{"start":{"line":71,"column":60},"end":{"line":77,"column":2}},"24":{"start":{"line":72,"column":24},"end":{"line":75,"column":4}},"25":{"start":{"line":76,"column":2},"end":{"line":76,"column":23}},"26":{"start":{"line":79,"column":22},"end":{"line":84,"column":2}},"27":{"start":{"line":79,"column":43},"end":{"line":84,"column":2}},"28":{"start":{"line":80,"column":18},"end":{"line":82,"column":4}},"29":{"start":{"line":83,"column":2},"end":{"line":83,"column":17}},"30":{"start":{"line":86,"column":0},"end":{"line":86,"column":64}}},"fnMap":{"0":{"name":"(anonymous_8)","decl":{"start":{"line":5,"column":15},"end":{"line":5,"column":null}},"loc":{"start":{"line":11,"column":4},"end":{"line":50,"column":2}}},"1":{"name":"(anonymous_9)","decl":{"start":{"line":11,"column":4},"end":{"line":11,"column":null}},"loc":{"start":{"line":11,"column":4},"end":{"line":50,"column":1}}},"2":{"name":"(anonymous_10)","decl":{"start":{"line":33,"column":19},"end":{"line":33,"column":26}},"loc":{"start":{"line":33,"column":37},"end":{"line":42,"column":8}}},"3":{"name":"(anonymous_11)","decl":{"start":{"line":33,"column":37},"end":{"line":33,"column":null}},"loc":{"start":{"line":33,"column":37},"end":{"line":42,"column":7}}},"4":{"name":"(anonymous_12)","decl":{"start":{"line":52,"column":13},"end":{"line":52,"column":20}},"loc":{"start":{"line":52,"column":58},"end":{"line":62,"column":2}}},"5":{"name":"(anonymous_13)","decl":{"start":{"line":52,"column":58},"end":{"line":52,"column":null}},"loc":{"start":{"line":52,"column":58},"end":{"line":62,"column":1}}},"6":{"name":"(anonymous_14)","decl":{"start":{"line":64,"column":16},"end":{"line":64,"column":23}},"loc":{"start":{"line":64,"column":37},"end":{"line":69,"column":2}}},"7":{"name":"(anonymous_15)","decl":{"start":{"line":64,"column":37},"end":{"line":64,"column":null}},"loc":{"start":{"line":64,"column":37},"end":{"line":69,"column":1}}},"8":{"name":"(anonymous_16)","decl":{"start":{"line":71,"column":15},"end":{"line":71,"column":22}},"loc":{"start":{"line":71,"column":60},"end":{"line":77,"column":2}}},"9":{"name":"(anonymous_17)","decl":{"start":{"line":71,"column":60},"end":{"line":71,"column":null}},"loc":{"start":{"line":71,"column":60},"end":{"line":77,"column":1}}},"10":{"name":"(anonymous_18)","decl":{"start":{"line":79,"column":22},"end":{"line":79,"column":29}},"loc":{"start":{"line":79,"column":43},"end":{"line":84,"column":2}}},"11":{"name":"(anonymous_19)","decl":{"start":{"line":79,"column":43},"end":{"line":79,"column":null}},"loc":{"start":{"line":79,"column":43},"end":{"line":84,"column":1}}}},"branchMap":{"0":{"loc":{"start":{"line":13,"column":10},"end":{"line":13,"column":51}},"type":"cond-expr","locations":[{"start":{"line":13,"column":19},"end":{"line":13,"column":39}},{"start":{"line":13,"column":42},"end":{"line":13,"column":51}}]},"1":{"loc":{"start":{"line":24,"column":13},"end":{"line":24,"column":73}},"type":"cond-expr","locations":[{"start":{"line":24,"column":36},"end":{"line":24,"column":57}},{"start":{"line":24,"column":60},"end":{"line":24,"column":73}}]},"2":{"loc":{"start":{"line":31,"column":2},"end":{"line":44,"column":3}},"type":"if","locations":[{"start":{"line":31,"column":2},"end":{"line":44,"column":3}}]}},"s":{"0":1,"1":1,"2":1,"3":1,"4":1,"5":1,"6":1,"7":1,"8":0,"9":0,"10":0,"11":0,"12":1,"13":1,"14":1,"15":0,"16":0,"17":0,"18":1,"19":0,"20":0,"21":0,"22":1,"23":0,"24":0,"25":0,"26":1,"27":0,"28":0,"29":0,"30":1},"f":{"0":1,"1":1,"2":0,"3":0,"4":0,"5":0,"6":0,"7":0,"8":0,"9":0,"10":0,"11":0},"b":{"0":[0,1],"1":[1,0],"2":[0]}}
,"/Users/jappy/Codeit/1-sprint-mission/sprint_3/src/repositories/userRepository.ts": {"path":"/Users/jappy/Codeit/1-sprint-mission/sprint_3/src/repositories/userRepository.ts","statementMap":{"0":{"start":{"line":1,"column":0},"end":{"line":1,"column":38}},"1":{"start":{"line":4,"column":17},"end":{"line":10,"column":2}},"2":{"start":{"line":4,"column":38},"end":{"line":10,"column":2}},"3":{"start":{"line":5,"column":2},"end":{"line":9,"column":5}},"4":{"start":{"line":12,"column":20},"end":{"line":16,"column":2}},"5":{"start":{"line":12,"column":44},"end":{"line":16,"column":2}},"6":{"start":{"line":13,"column":2},"end":{"line":15,"column":5}},"7":{"start":{"line":18,"column":13},"end":{"line":22,"column":2}},"8":{"start":{"line":18,"column":43},"end":{"line":22,"column":2}},"9":{"start":{"line":19,"column":2},"end":{"line":21,"column":5}},"10":{"start":{"line":24,"column":15},"end":{"line":31,"column":2}},"11":{"start":{"line":24,"column":57},"end":{"line":31,"column":2}},"12":{"start":{"line":25,"column":2},"end":{"line":30,"column":5}},"13":{"start":{"line":33,"column":19},"end":{"line":37,"column":2}},"14":{"start":{"line":33,"column":40},"end":{"line":37,"column":2}},"15":{"start":{"line":34,"column":2},"end":{"line":36,"column":5}},"16":{"start":{"line":39,"column":24},"end":{"line":48,"column":2}},"17":{"start":{"line":39,"column":49},"end":{"line":48,"column":2}},"18":{"start":{"line":40,"column":19},"end":{"line":42,"column":4}},"19":{"start":{"line":43,"column":22},"end":{"line":45,"column":4}},"20":{"start":{"line":47,"column":2},"end":{"line":47,"column":35}},"21":{"start":{"line":50,"column":0},"end":{"line":57,"column":2}}},"fnMap":{"0":{"name":"(anonymous_8)","decl":{"start":{"line":4,"column":17},"end":{"line":4,"column":24}},"loc":{"start":{"line":4,"column":38},"end":{"line":10,"column":2}}},"1":{"name":"(anonymous_9)","decl":{"start":{"line":4,"column":38},"end":{"line":4,"column":null}},"loc":{"start":{"line":4,"column":38},"end":{"line":10,"column":1}}},"2":{"name":"(anonymous_10)","decl":{"start":{"line":12,"column":20},"end":{"line":12,"column":27}},"loc":{"start":{"line":12,"column":44},"end":{"line":16,"column":2}}},"3":{"name":"(anonymous_11)","decl":{"start":{"line":12,"column":44},"end":{"line":12,"column":null}},"loc":{"start":{"line":12,"column":44},"end":{"line":16,"column":1}}},"4":{"name":"(anonymous_12)","decl":{"start":{"line":18,"column":13},"end":{"line":18,"column":20}},"loc":{"start":{"line":18,"column":43},"end":{"line":22,"column":2}}},"5":{"name":"(anonymous_13)","decl":{"start":{"line":18,"column":43},"end":{"line":18,"column":null}},"loc":{"start":{"line":18,"column":43},"end":{"line":22,"column":1}}},"6":{"name":"(anonymous_14)","decl":{"start":{"line":24,"column":15},"end":{"line":24,"column":22}},"loc":{"start":{"line":24,"column":57},"end":{"line":31,"column":2}}},"7":{"name":"(anonymous_15)","decl":{"start":{"line":24,"column":57},"end":{"line":24,"column":null}},"loc":{"start":{"line":24,"column":57},"end":{"line":31,"column":1}}},"8":{"name":"(anonymous_16)","decl":{"start":{"line":33,"column":19},"end":{"line":33,"column":26}},"loc":{"start":{"line":33,"column":40},"end":{"line":37,"column":2}}},"9":{"name":"(anonymous_17)","decl":{"start":{"line":33,"column":40},"end":{"line":33,"column":null}},"loc":{"start":{"line":33,"column":40},"end":{"line":37,"column":1}}},"10":{"name":"(anonymous_18)","decl":{"start":{"line":39,"column":24},"end":{"line":39,"column":31}},"loc":{"start":{"line":39,"column":49},"end":{"line":48,"column":2}}},"11":{"name":"(anonymous_19)","decl":{"start":{"line":39,"column":49},"end":{"line":39,"column":null}},"loc":{"start":{"line":39,"column":49},"end":{"line":48,"column":1}}}},"branchMap":{},"s":{"0":1,"1":1,"2":0,"3":0,"4":1,"5":2,"6":2,"7":1,"8":1,"9":1,"10":1,"11":1,"12":1,"13":1,"14":0,"15":0,"16":1,"17":0,"18":0,"19":0,"20":0,"21":1},"f":{"0":0,"1":0,"2":2,"3":2,"4":1,"5":1,"6":1,"7":1,"8":0,"9":0,"10":0,"11":0},"b":{}}
,"/Users/jappy/Codeit/1-sprint-mission/sprint_3/src/services/articleService.ts": {"path":"/Users/jappy/Codeit/1-sprint-mission/sprint_3/src/services/articleService.ts","statementMap":{"0":{"start":{"line":2,"column":0},"end":{"line":2,"column":55}},"1":{"start":{"line":3,"column":0},"end":{"line":3,"column":66}},"2":{"start":{"line":5,"column":15},"end":{"line":19,"column":2}},"3":{"start":{"line":10,"column":4},"end":{"line":19,"column":2}},"4":{"start":{"line":11,"column":19},"end":{"line":15,"column":null}},"5":{"start":{"line":18,"column":2},"end":{"line":18,"column":18}},"6":{"start":{"line":21,"column":15},"end":{"line":23,"column":2}},"7":{"start":{"line":21,"column":60},"end":{"line":23,"column":2}},"8":{"start":{"line":22,"column":2},"end":{"line":22,"column":48}},"9":{"start":{"line":25,"column":16},"end":{"line":32,"column":2}},"10":{"start":{"line":25,"column":37},"end":{"line":32,"column":2}},"11":{"start":{"line":26,"column":18},"end":{"line":26,"column":53}},"12":{"start":{"line":28,"column":2},"end":{"line":30,"column":3}},"13":{"start":{"line":29,"column":4},"end":{"line":29,"column":35}},"14":{"start":{"line":31,"column":2},"end":{"line":31,"column":17}},"15":{"start":{"line":34,"column":15},"end":{"line":36,"column":2}},"16":{"start":{"line":34,"column":63},"end":{"line":36,"column":2}},"17":{"start":{"line":35,"column":2},"end":{"line":35,"column":53}},"18":{"start":{"line":38,"column":19},"end":{"line":40,"column":2}},"19":{"start":{"line":38,"column":40},"end":{"line":40,"column":2}},"20":{"start":{"line":39,"column":2},"end":{"line":39,"column":48}},"21":{"start":{"line":41,"column":0},"end":{"line":41,"column":63}}},"fnMap":{"0":{"name":"(anonymous_8)","decl":{"start":{"line":5,"column":15},"end":{"line":5,"column":null}},"loc":{"start":{"line":10,"column":4},"end":{"line":19,"column":2}}},"1":{"name":"(anonymous_9)","decl":{"start":{"line":10,"column":4},"end":{"line":10,"column":null}},"loc":{"start":{"line":10,"column":4},"end":{"line":19,"column":1}}},"2":{"name":"(anonymous_10)","decl":{"start":{"line":21,"column":15},"end":{"line":21,"column":22}},"loc":{"start":{"line":21,"column":60},"end":{"line":23,"column":2}}},"3":{"name":"(anonymous_11)","decl":{"start":{"line":21,"column":60},"end":{"line":21,"column":null}},"loc":{"start":{"line":21,"column":60},"end":{"line":23,"column":1}}},"4":{"name":"(anonymous_12)","decl":{"start":{"line":25,"column":16},"end":{"line":25,"column":23}},"loc":{"start":{"line":25,"column":37},"end":{"line":32,"column":2}}},"5":{"name":"(anonymous_13)","decl":{"start":{"line":25,"column":37},"end":{"line":25,"column":null}},"loc":{"start":{"line":25,"column":37},"end":{"line":32,"column":1}}},"6":{"name":"(anonymous_14)","decl":{"start":{"line":34,"column":15},"end":{"line":34,"column":22}},"loc":{"start":{"line":34,"column":63},"end":{"line":36,"column":2}}},"7":{"name":"(anonymous_15)","decl":{"start":{"line":34,"column":63},"end":{"line":34,"column":null}},"loc":{"start":{"line":34,"column":63},"end":{"line":36,"column":1}}},"8":{"name":"(anonymous_16)","decl":{"start":{"line":38,"column":19},"end":{"line":38,"column":26}},"loc":{"start":{"line":38,"column":40},"end":{"line":40,"column":2}}},"9":{"name":"(anonymous_17)","decl":{"start":{"line":38,"column":40},"end":{"line":38,"column":null}},"loc":{"start":{"line":38,"column":40},"end":{"line":40,"column":1}}}},"branchMap":{"0":{"loc":{"start":{"line":28,"column":2},"end":{"line":30,"column":3}},"type":"if","locations":[{"start":{"line":28,"column":2},"end":{"line":30,"column":3}}]}},"s":{"0":1,"1":1,"2":1,"3":0,"4":0,"5":0,"6":1,"7":0,"8":0,"9":1,"10":0,"11":0,"12":0,"13":0,"14":0,"15":1,"16":0,"17":0,"18":1,"19":0,"20":0,"21":1},"f":{"0":0,"1":0,"2":0,"3":0,"4":0,"5":0,"6":0,"7":0,"8":0,"9":0},"b":{"0":[0]}}
,"/Users/jappy/Codeit/1-sprint-mission/sprint_3/src/services/productService.ts": {"path":"/Users/jappy/Codeit/1-sprint-mission/sprint_3/src/services/productService.ts","statementMap":{"0":{"start":{"line":2,"column":0},"end":{"line":2,"column":55}},"1":{"start":{"line":3,"column":0},"end":{"line":3,"column":66}},"2":{"start":{"line":5,"column":15},"end":{"line":21,"column":2}},"3":{"start":{"line":11,"column":4},"end":{"line":21,"column":2}},"4":{"start":{"line":12,"column":19},"end":{"line":17,"column":null}},"5":{"start":{"line":20,"column":2},"end":{"line":20,"column":18}},"6":{"start":{"line":23,"column":22},"end":{"line":25,"column":2}},"7":{"start":{"line":23,"column":67},"end":{"line":25,"column":2}},"8":{"start":{"line":24,"column":2},"end":{"line":24,"column":48}},"9":{"start":{"line":27,"column":16},"end":{"line":35,"column":2}},"10":{"start":{"line":27,"column":37},"end":{"line":35,"column":2}},"11":{"start":{"line":28,"column":18},"end":{"line":28,"column":53}},"12":{"start":{"line":30,"column":2},"end":{"line":32,"column":3}},"13":{"start":{"line":31,"column":4},"end":{"line":31,"column":34}},"14":{"start":{"line":34,"column":2},"end":{"line":34,"column":17}},"15":{"start":{"line":37,"column":15},"end":{"line":39,"column":2}},"16":{"start":{"line":37,"column":63},"end":{"line":39,"column":2}},"17":{"start":{"line":38,"column":2},"end":{"line":38,"column":53}},"18":{"start":{"line":41,"column":22},"end":{"line":43,"column":2}},"19":{"start":{"line":41,"column":43},"end":{"line":43,"column":2}},"20":{"start":{"line":42,"column":2},"end":{"line":42,"column":51}},"21":{"start":{"line":45,"column":0},"end":{"line":51,"column":2}}},"fnMap":{"0":{"name":"(anonymous_8)","decl":{"start":{"line":5,"column":15},"end":{"line":5,"column":null}},"loc":{"start":{"line":11,"column":4},"end":{"line":21,"column":2}}},"1":{"name":"(anonymous_9)","decl":{"start":{"line":11,"column":4},"end":{"line":11,"column":null}},"loc":{"start":{"line":11,"column":4},"end":{"line":21,"column":1}}},"2":{"name":"(anonymous_10)","decl":{"start":{"line":23,"column":22},"end":{"line":23,"column":29}},"loc":{"start":{"line":23,"column":67},"end":{"line":25,"column":2}}},"3":{"name":"(anonymous_11)","decl":{"start":{"line":23,"column":67},"end":{"line":23,"column":null}},"loc":{"start":{"line":23,"column":67},"end":{"line":25,"column":1}}},"4":{"name":"(anonymous_12)","decl":{"start":{"line":27,"column":16},"end":{"line":27,"column":23}},"loc":{"start":{"line":27,"column":37},"end":{"line":35,"column":2}}},"5":{"name":"(anonymous_13)","decl":{"start":{"line":27,"column":37},"end":{"line":27,"column":null}},"loc":{"start":{"line":27,"column":37},"end":{"line":35,"column":1}}},"6":{"name":"(anonymous_14)","decl":{"start":{"line":37,"column":15},"end":{"line":37,"column":22}},"loc":{"start":{"line":37,"column":63},"end":{"line":39,"column":2}}},"7":{"name":"(anonymous_15)","decl":{"start":{"line":37,"column":63},"end":{"line":37,"column":null}},"loc":{"start":{"line":37,"column":63},"end":{"line":39,"column":1}}},"8":{"name":"(anonymous_16)","decl":{"start":{"line":41,"column":22},"end":{"line":41,"column":29}},"loc":{"start":{"line":41,"column":43},"end":{"line":43,"column":2}}},"9":{"name":"(anonymous_17)","decl":{"start":{"line":41,"column":43},"end":{"line":41,"column":null}},"loc":{"start":{"line":41,"column":43},"end":{"line":43,"column":1}}}},"branchMap":{"0":{"loc":{"start":{"line":30,"column":2},"end":{"line":32,"column":3}},"type":"if","locations":[{"start":{"line":30,"column":2},"end":{"line":32,"column":3}}]}},"s":{"0":1,"1":1,"2":1,"3":1,"4":1,"5":1,"6":1,"7":0,"8":0,"9":1,"10":0,"11":0,"12":0,"13":0,"14":0,"15":1,"16":0,"17":0,"18":1,"19":0,"20":0,"21":1},"f":{"0":1,"1":1,"2":0,"3":0,"4":0,"5":0,"6":0,"7":0,"8":0,"9":0},"b":{"0":[0]}}
,"/Users/jappy/Codeit/1-sprint-mission/sprint_3/src/services/userService.ts": {"path":"/Users/jappy/Codeit/1-sprint-mission/sprint_3/src/services/userService.ts","statementMap":{"0":{"start":{"line":1,"column":0},"end":{"line":1,"column":31}},"1":{"start":{"line":2,"column":0},"end":{"line":2,"column":28}},"2":{"start":{"line":3,"column":0},"end":{"line":3,"column":60}},"3":{"start":{"line":4,"column":0},"end":{"line":4,"column":55}},"4":{"start":{"line":5,"column":0},"end":{"line":5,"column":63}},"5":{"start":{"line":6,"column":0},"end":{"line":6,"column":57}},"6":{"start":{"line":13,"column":0},"end":{"line":13,"column":58}},"7":{"start":{"line":14,"column":0},"end":{"line":14,"column":46}},"8":{"start":{"line":18,"column":24},"end":{"line":20,"column":2}},"9":{"start":{"line":18,"column":51},"end":{"line":20,"column":2}},"10":{"start":{"line":19,"column":2},"end":{"line":19,"column":35}},"11":{"start":{"line":23,"column":46},"end":{"line":23,"column":50}},"12":{"start":{"line":23,"column":41},"end":{"line":23,"column":46}},"13":{"start":{"line":24,"column":2},"end":{"line":24,"column":14}},"14":{"start":{"line":27,"column":23},"end":{"line":32,"column":2}},"15":{"start":{"line":27,"column":73},"end":{"line":32,"column":2}},"16":{"start":{"line":28,"column":18},"end":{"line":28,"column":63}},"17":{"start":{"line":29,"column":2},"end":{"line":31,"column":3}},"18":{"start":{"line":30,"column":4},"end":{"line":30,"column":52}},"19":{"start":{"line":35,"column":18},"end":{"line":35,"column":33}},"20":{"start":{"line":36,"column":20},"end":{"line":36,"column":53}},"21":{"start":{"line":37,"column":2},"end":{"line":39,"column":3}},"22":{"start":{"line":38,"column":4},"end":{"line":38,"column":44}},"23":{"start":{"line":40,"column":2},"end":{"line":40,"column":54}},"24":{"start":{"line":43,"column":19},"end":{"line":57,"column":2}},"25":{"start":{"line":43,"column":49},"end":{"line":57,"column":2}},"26":{"start":{"line":44,"column":22},"end":{"line":44,"column":66}},"27":{"start":{"line":46,"column":2},"end":{"line":48,"column":3}},"28":{"start":{"line":47,"column":4},"end":{"line":47,"column":48}},"29":{"start":{"line":50,"column":25},"end":{"line":50,"column":61}},"30":{"start":{"line":51,"column":22},"end":{"line":53,"column":null}},"31":{"start":{"line":56,"column":2},"end":{"line":56,"column":46}},"32":{"start":{"line":59,"column":16},"end":{"line":68,"column":2}},"33":{"start":{"line":59,"column":58},"end":{"line":68,"column":2}},"34":{"start":{"line":60,"column":15},"end":{"line":60,"column":54}},"35":{"start":{"line":62,"column":2},"end":{"line":64,"column":3}},"36":{"start":{"line":63,"column":4},"end":{"line":63,"column":34}},"37":{"start":{"line":66,"column":2},"end":{"line":66,"column":48}},"38":{"start":{"line":67,"column":2},"end":{"line":67,"column":39}},"39":{"start":{"line":70,"column":19},"end":{"line":80,"column":2}},"40":{"start":{"line":70,"column":61},"end":{"line":80,"column":2}},"41":{"start":{"line":71,"column":20},"end":{"line":71,"column":34}},"42":{"start":{"line":72,"column":2},"end":{"line":75,"column":3}},"43":{"start":{"line":73,"column":27},"end":{"line":73,"column":71}},"44":{"start":{"line":74,"column":4},"end":{"line":74,"column":43}},"45":{"start":{"line":77,"column":21},"end":{"line":77,"column":66}},"46":{"start":{"line":79,"column":2},"end":{"line":79,"column":45}},"47":{"start":{"line":82,"column":18},"end":{"line":91,"column":2}},"48":{"start":{"line":82,"column":61},"end":{"line":91,"column":2}},"49":{"start":{"line":83,"column":15},"end":{"line":83,"column":52}},"50":{"start":{"line":85,"column":2},"end":{"line":87,"column":3}},"51":{"start":{"line":86,"column":4},"end":{"line":86,"column":34}},"52":{"start":{"line":89,"column":2},"end":{"line":89,"column":48}},"53":{"start":{"line":90,"column":2},"end":{"line":90,"column":39}},"54":{"start":{"line":93,"column":21},"end":{"line":97,"column":2}},"55":{"start":{"line":93,"column":46},"end":{"line":97,"column":2}},"56":{"start":{"line":94,"column":22},"end":{"line":94,"column":61}},"57":{"start":{"line":96,"column":2},"end":{"line":96,"column":21}},"58":{"start":{"line":99,"column":26},"end":{"line":103,"column":2}},"59":{"start":{"line":99,"column":51},"end":{"line":103,"column":2}},"60":{"start":{"line":100,"column":27},"end":{"line":100,"column":71}},"61":{"start":{"line":102,"column":2},"end":{"line":102,"column":26}},"62":{"start":{"line":105,"column":21},"end":{"line":113,"column":2}},"63":{"start":{"line":105,"column":68},"end":{"line":113,"column":2}},"64":{"start":{"line":106,"column":15},"end":{"line":106,"column":52}},"65":{"start":{"line":107,"column":2},"end":{"line":109,"column":3}},"66":{"start":{"line":108,"column":4},"end":{"line":108,"column":34}},"67":{"start":{"line":110,"column":22},"end":{"line":110,"column":49}},"68":{"start":{"line":111,"column":26},"end":{"line":111,"column":54}},"69":{"start":{"line":112,"column":2},"end":{"line":112,"column":42}},"70":{"start":{"line":115,"column":0},"end":{"line":124,"column":2}}},"fnMap":{"0":{"name":"(anonymous_9)","decl":{"start":{"line":18,"column":24},"end":{"line":18,"column":31}},"loc":{"start":{"line":18,"column":51},"end":{"line":20,"column":2}}},"1":{"name":"(anonymous_10)","decl":{"start":{"line":18,"column":51},"end":{"line":18,"column":null}},"loc":{"start":{"line":18,"column":51},"end":{"line":20,"column":1}}},"2":{"name":"filterSensitiveUserData","decl":{"start":{"line":22,"column":9},"end":{"line":22,"column":32}},"loc":{"start":{"line":22,"column":46},"end":{"line":25,"column":1}}},"3":{"name":"(anonymous_12)","decl":{"start":{"line":27,"column":23},"end":{"line":27,"column":30}},"loc":{"start":{"line":27,"column":73},"end":{"line":32,"column":2}}},"4":{"name":"(anonymous_13)","decl":{"start":{"line":27,"column":73},"end":{"line":27,"column":null}},"loc":{"start":{"line":27,"column":73},"end":{"line":32,"column":1}}},"5":{"name":"createToken","decl":{"start":{"line":34,"column":9},"end":{"line":34,"column":20}},"loc":{"start":{"line":34,"column":49},"end":{"line":41,"column":1}}},"6":{"name":"(anonymous_15)","decl":{"start":{"line":43,"column":19},"end":{"line":43,"column":26}},"loc":{"start":{"line":43,"column":49},"end":{"line":57,"column":2}}},"7":{"name":"(anonymous_16)","decl":{"start":{"line":43,"column":49},"end":{"line":43,"column":null}},"loc":{"start":{"line":43,"column":49},"end":{"line":57,"column":1}}},"8":{"name":"(anonymous_17)","decl":{"start":{"line":59,"column":16},"end":{"line":59,"column":23}},"loc":{"start":{"line":59,"column":58},"end":{"line":68,"column":2}}},"9":{"name":"(anonymous_18)","decl":{"start":{"line":59,"column":58},"end":{"line":59,"column":null}},"loc":{"start":{"line":59,"column":58},"end":{"line":68,"column":1}}},"10":{"name":"(anonymous_19)","decl":{"start":{"line":70,"column":19},"end":{"line":70,"column":26}},"loc":{"start":{"line":70,"column":61},"end":{"line":80,"column":2}}},"11":{"name":"(anonymous_20)","decl":{"start":{"line":70,"column":61},"end":{"line":70,"column":null}},"loc":{"start":{"line":70,"column":61},"end":{"line":80,"column":1}}},"12":{"name":"(anonymous_21)","decl":{"start":{"line":82,"column":18},"end":{"line":82,"column":25}},"loc":{"start":{"line":82,"column":61},"end":{"line":91,"column":2}}},"13":{"name":"(anonymous_22)","decl":{"start":{"line":82,"column":61},"end":{"line":82,"column":null}},"loc":{"start":{"line":82,"column":61},"end":{"line":91,"column":1}}},"14":{"name":"(anonymous_23)","decl":{"start":{"line":93,"column":21},"end":{"line":93,"column":28}},"loc":{"start":{"line":93,"column":46},"end":{"line":97,"column":2}}},"15":{"name":"(anonymous_24)","decl":{"start":{"line":93,"column":46},"end":{"line":93,"column":null}},"loc":{"start":{"line":93,"column":46},"end":{"line":97,"column":1}}},"16":{"name":"(anonymous_25)","decl":{"start":{"line":99,"column":26},"end":{"line":99,"column":33}},"loc":{"start":{"line":99,"column":51},"end":{"line":103,"column":2}}},"17":{"name":"(anonymous_26)","decl":{"start":{"line":99,"column":51},"end":{"line":99,"column":null}},"loc":{"start":{"line":99,"column":51},"end":{"line":103,"column":1}}},"18":{"name":"(anonymous_27)","decl":{"start":{"line":105,"column":21},"end":{"line":105,"column":28}},"loc":{"start":{"line":105,"column":68},"end":{"line":113,"column":2}}},"19":{"name":"(anonymous_28)","decl":{"start":{"line":105,"column":68},"end":{"line":105,"column":null}},"loc":{"start":{"line":105,"column":68},"end":{"line":113,"column":1}}}},"branchMap":{"0":{"loc":{"start":{"line":29,"column":2},"end":{"line":31,"column":3}},"type":"if","locations":[{"start":{"line":29,"column":2},"end":{"line":31,"column":3}}]},"1":{"loc":{"start":{"line":36,"column":20},"end":{"line":36,"column":53}},"type":"cond-expr","locations":[{"start":{"line":36,"column":41},"end":{"line":36,"column":46}},{"start":{"line":36,"column":49},"end":{"line":36,"column":53}}]},"2":{"loc":{"start":{"line":37,"column":2},"end":{"line":39,"column":3}},"type":"if","locations":[{"start":{"line":37,"column":2},"end":{"line":39,"column":3}}]},"3":{"loc":{"start":{"line":46,"column":2},"end":{"line":48,"column":3}},"type":"if","locations":[{"start":{"line":46,"column":2},"end":{"line":48,"column":3}}]},"4":{"loc":{"start":{"line":62,"column":2},"end":{"line":64,"column":3}},"type":"if","locations":[{"start":{"line":62,"column":2},"end":{"line":64,"column":3}}]},"5":{"loc":{"start":{"line":72,"column":2},"end":{"line":75,"column":3}},"type":"if","locations":[{"start":{"line":72,"column":2},"end":{"line":75,"column":3}}]},"6":{"loc":{"start":{"line":85,"column":2},"end":{"line":87,"column":3}},"type":"if","locations":[{"start":{"line":85,"column":2},"end":{"line":87,"column":3}}]},"7":{"loc":{"start":{"line":107,"column":2},"end":{"line":109,"column":3}},"type":"if","locations":[{"start":{"line":107,"column":2},"end":{"line":109,"column":3}}]},"8":{"loc":{"start":{"line":107,"column":6},"end":{"line":107,"column":49}},"type":"binary-expr","locations":[{"start":{"line":107,"column":6},"end":{"line":107,"column":11}},{"start":{"line":107,"column":15},"end":{"line":107,"column":49}}]}},"s":{"0":1,"1":1,"2":1,"3":1,"4":1,"5":1,"6":1,"7":1,"8":1,"9":1,"10":1,"11":3,"12":3,"13":3,"14":1,"15":1,"16":1,"17":1,"18":0,"19":2,"20":2,"21":2,"22":0,"23":2,"24":1,"25":1,"26":1,"27":1,"28":0,"29":1,"30":1,"31":1,"32":1,"33":1,"34":1,"35":1,"36":0,"37":1,"38":1,"39":1,"40":1,"41":1,"42":1,"43":0,"44":0,"45":1,"46":1,"47":1,"48":0,"49":0,"50":0,"51":0,"52":0,"53":0,"54":1,"55":0,"56":0,"57":0,"58":1,"59":0,"60":0,"61":0,"62":1,"63":0,"64":0,"65":0,"66":0,"67":0,"68":0,"69":0,"70":1},"f":{"0":1,"1":1,"2":3,"3":1,"4":1,"5":2,"6":1,"7":1,"8":1,"9":1,"10":1,"11":1,"12":0,"13":0,"14":0,"15":0,"16":0,"17":0,"18":0,"19":0},"b":{"0":[0],"1":[1,1],"2":[0],"3":[0],"4":[0],"5":[0],"6":[0],"7":[0],"8":[0,0]}}
}
