TN:
SF:src/controllers/articleController.ts
FN:12,(anonymous_8)
FN:12,(anonymous_9)
FN:18,(anonymous_10)
FN:18,(anonymous_11)
FN:31,(anonymous_12)
FN:31,(anonymous_13)
FN:37,(anonymous_14)
FN:37,(anonymous_15)
FN:45,(anonymous_16)
FN:45,(anonymous_17)
FNF:10
FNH:0
FNDA:0,(anonymous_8)
FNDA:0,(anonymous_9)
FNDA:0,(anonymous_10)
FNDA:0,(anonymous_11)
FNDA:0,(anonymous_12)
FNDA:0,(anonymous_13)
FNDA:0,(anonymous_14)
FNDA:0,(anonymous_15)
FNDA:0,(anonymous_16)
FNDA:0,(anonymous_17)
DA:2,1
DA:3,1
DA:4,1
DA:9,1
DA:10,1
DA:12,1
DA:13,0
DA:14,0
DA:15,0
DA:18,1
DA:19,0
DA:21,0
DA:22,0
DA:25,0
DA:26,0
DA:28,0
DA:31,1
DA:32,0
DA:33,0
DA:34,0
DA:37,1
DA:38,0
DA:39,0
DA:40,0
DA:41,0
DA:42,0
DA:45,1
DA:46,0
DA:47,0
DA:48,0
LF:30
LH:10
BRDA:21,0,0,0
BRF:1
BRH:0
end_of_record
TN:
SF:src/controllers/productController.ts
FN:16,(anonymous_8)
FN:16,(anonymous_9)
FN:30,(anonymous_10)
FN:30,(anonymous_11)
FN:41,(anonymous_12)
FN:41,(anonymous_13)
FN:48,(anonymous_14)
FN:48,(anonymous_15)
FN:60,(anonymous_16)
FN:66,(anonymous_17)
FN:75,(anonymous_18)
FN:75,(anonymous_19)
FNF:12
FNH:2
FNDA:1,(anonymous_8)
FNDA:1,(anonymous_9)
FNDA:0,(anonymous_10)
FNDA:0,(anonymous_11)
FNDA:0,(anonymous_12)
FNDA:0,(anonymous_13)
FNDA:0,(anonymous_14)
FNDA:0,(anonymous_15)
FNDA:0,(anonymous_16)
FNDA:0,(anonymous_17)
FNDA:0,(anonymous_18)
FNDA:0,(anonymous_19)
DA:1,1
DA:2,1
DA:3,1
DA:8,1
DA:10,1
DA:11,1
DA:13,1
DA:14,1
DA:16,1
DA:17,1
DA:18,1
DA:19,1
DA:20,1
DA:27,1
DA:30,1
DA:31,0
DA:32,0
DA:33,0
DA:35,0
DA:36,0
DA:38,0
DA:41,1
DA:42,0
DA:43,0
DA:45,0
DA:48,1
DA:49,0
DA:50,0
DA:51,0
DA:54,0
DA:55,0
DA:56,0
DA:58,0
DA:59,0
DA:60,0
DA:61,0
DA:65,0
DA:67,0
DA:72,0
DA:75,1
DA:76,0
DA:77,0
DA:78,0
DA:80,0
DA:81,0
DA:82,0
LF:46
LH:18
BRDA:18,0,0,0
BRDA:18,0,1,1
BRDA:18,1,0,1
BRDA:18,1,1,1
BRDA:18,2,0,1
BRDA:18,2,1,0
BRDA:18,3,0,1
BRDA:18,3,1,1
BRDA:32,4,0,0
BRDA:50,5,0,0
BRDA:58,6,0,0
BRDA:77,7,0,0
BRF:12
BRH:6
end_of_record
TN:
SF:src/controllers/userController.ts
FN:10,(anonymous_8)
FN:10,(anonymous_9)
FN:16,(anonymous_10)
FN:16,(anonymous_11)
FN:39,(anonymous_12)
FN:39,(anonymous_13)
FN:67,(anonymous_14)
FN:67,(anonymous_15)
FN:79,(anonymous_16)
FN:79,(anonymous_17)
FN:89,(anonymous_18)
FN:89,(anonymous_19)
FN:99,(anonymous_20)
FN:99,(anonymous_21)
FNF:14
FNH:4
FNDA:1,(anonymous_8)
FNDA:1,(anonymous_9)
FNDA:1,(anonymous_10)
FNDA:1,(anonymous_11)
FNDA:0,(anonymous_12)
FNDA:0,(anonymous_13)
FNDA:0,(anonymous_14)
FNDA:0,(anonymous_15)
FNDA:0,(anonymous_16)
FNDA:0,(anonymous_17)
FNDA:0,(anonymous_18)
FNDA:0,(anonymous_19)
FNDA:0,(anonymous_20)
FNDA:0,(anonymous_21)
DA:2,1
DA:3,1
DA:4,1
DA:8,1
DA:10,1
DA:11,1
DA:12,1
DA:13,1
DA:16,1
DA:17,1
DA:18,1
DA:19,1
DA:20,1
DA:21,1
DA:22,1
DA:23,1
DA:29,1
DA:36,1
DA:39,1
DA:40,0
DA:41,0
DA:42,0
DA:43,0
DA:45,0
DA:50,0
DA:52,0
DA:58,0
DA:64,0
DA:67,1
DA:68,0
DA:69,0
DA:70,0
DA:73,0
DA:75,0
DA:76,0
DA:79,1
DA:80,0
DA:81,0
DA:82,0
DA:84,0
DA:85,0
DA:86,0
DA:89,1
DA:90,0
DA:91,0
DA:92,0
DA:95,0
DA:96,0
DA:99,1
DA:100,0
DA:101,0
DA:102,0
DA:105,0
DA:106,0
LF:54
LH:23
BRDA:42,0,0,0
BRDA:69,1,0,0
BRDA:81,2,0,0
BRDA:91,3,0,0
BRDA:101,4,0,0
BRF:5
BRH:0
end_of_record
TN:
SF:src/repositories/articleRepository.ts
FN:4,(anonymous_8)
FN:9,(anonymous_9)
FN:37,(anonymous_10)
FN:37,(anonymous_11)
FN:48,(anonymous_12)
FN:48,(anonymous_13)
FN:55,(anonymous_14)
FN:55,(anonymous_15)
FN:67,(anonymous_16)
FN:67,(anonymous_17)
FNF:10
FNH:0
FNDA:0,(anonymous_8)
FNDA:0,(anonymous_9)
FNDA:0,(anonymous_10)
FNDA:0,(anonymous_11)
FNDA:0,(anonymous_12)
FNDA:0,(anonymous_13)
FNDA:0,(anonymous_14)
FNDA:0,(anonymous_15)
FNDA:0,(anonymous_16)
FNDA:0,(anonymous_17)
DA:1,1
DA:4,1
DA:9,0
DA:10,0
DA:19,0
DA:32,0
DA:34,0
DA:37,1
DA:38,0
DA:45,0
DA:48,1
DA:49,0
DA:52,0
DA:55,1
DA:56,0
DA:64,0
DA:67,1
DA:68,0
DA:72,0
DA:75,1
LF:20
LH:7
BRDA:12,0,0,0
BRDA:12,0,1,0
BRDA:14,1,0,0
BRDA:14,1,1,0
BRDA:27,2,0,0
BRDA:27,2,1,0
BRF:6
BRH:0
end_of_record
TN:
SF:src/repositories/productRepository.ts
FN:5,(anonymous_8)
FN:11,(anonymous_9)
FN:33,(anonymous_10)
FN:33,(anonymous_11)
FN:52,(anonymous_12)
FN:52,(anonymous_13)
FN:64,(anonymous_14)
FN:64,(anonymous_15)
FN:71,(anonymous_16)
FN:71,(anonymous_17)
FN:79,(anonymous_18)
FN:79,(anonymous_19)
FNF:12
FNH:2
FNDA:1,(anonymous_8)
FNDA:1,(anonymous_9)
FNDA:0,(anonymous_10)
FNDA:0,(anonymous_11)
FNDA:0,(anonymous_12)
FNDA:0,(anonymous_13)
FNDA:0,(anonymous_14)
FNDA:0,(anonymous_15)
FNDA:0,(anonymous_16)
FNDA:0,(anonymous_17)
FNDA:0,(anonymous_18)
FNDA:0,(anonymous_19)
DA:1,1
DA:3,1
DA:5,1
DA:11,1
DA:12,1
DA:16,1
DA:29,1
DA:31,1
DA:32,0
DA:33,0
DA:34,0
DA:38,0
DA:47,1
DA:49,1
DA:52,1
DA:53,0
DA:61,0
DA:64,1
DA:65,0
DA:68,0
DA:71,1
DA:72,0
DA:76,0
DA:79,1
DA:80,0
DA:83,0
DA:86,1
LF:27
LH:15
BRDA:13,0,0,0
BRDA:13,0,1,1
BRDA:24,1,0,1
BRDA:24,1,1,0
BRDA:31,2,0,0
BRF:5
BRH:2
end_of_record
TN:
SF:src/repositories/userRepository.ts
FN:4,(anonymous_8)
FN:4,(anonymous_9)
FN:12,(anonymous_10)
FN:12,(anonymous_11)
FN:18,(anonymous_12)
FN:18,(anonymous_13)
FN:24,(anonymous_14)
FN:24,(anonymous_15)
FN:33,(anonymous_16)
FN:33,(anonymous_17)
FN:39,(anonymous_18)
FN:39,(anonymous_19)
FNF:12
FNH:6
FNDA:0,(anonymous_8)
FNDA:0,(anonymous_9)
FNDA:2,(anonymous_10)
FNDA:2,(anonymous_11)
FNDA:1,(anonymous_12)
FNDA:1,(anonymous_13)
FNDA:1,(anonymous_14)
FNDA:1,(anonymous_15)
FNDA:0,(anonymous_16)
FNDA:0,(anonymous_17)
FNDA:0,(anonymous_18)
FNDA:0,(anonymous_19)
DA:1,1
DA:4,1
DA:5,0
DA:12,2
DA:13,2
DA:18,1
DA:19,1
DA:24,1
DA:25,1
DA:33,1
DA:34,0
DA:39,1
DA:40,0
DA:43,0
DA:47,0
DA:50,1
LF:16
LH:11
BRF:0
BRH:0
end_of_record
TN:
SF:src/services/articleService.ts
FN:5,(anonymous_8)
FN:10,(anonymous_9)
FN:21,(anonymous_10)
FN:21,(anonymous_11)
FN:25,(anonymous_12)
FN:25,(anonymous_13)
FN:34,(anonymous_14)
FN:34,(anonymous_15)
FN:38,(anonymous_16)
FN:38,(anonymous_17)
FNF:10
FNH:0
FNDA:0,(anonymous_8)
FNDA:0,(anonymous_9)
FNDA:0,(anonymous_10)
FNDA:0,(anonymous_11)
FNDA:0,(anonymous_12)
FNDA:0,(anonymous_13)
FNDA:0,(anonymous_14)
FNDA:0,(anonymous_15)
FNDA:0,(anonymous_16)
FNDA:0,(anonymous_17)
DA:2,1
DA:3,1
DA:5,1
DA:10,0
DA:11,0
DA:18,0
DA:21,1
DA:22,0
DA:25,1
DA:26,0
DA:28,0
DA:29,0
DA:31,0
DA:34,1
DA:35,0
DA:38,1
DA:39,0
DA:41,1
LF:18
LH:8
BRDA:28,0,0,0
BRF:1
BRH:0
end_of_record
TN:
SF:src/services/productService.ts
FN:5,(anonymous_8)
FN:11,(anonymous_9)
FN:23,(anonymous_10)
FN:23,(anonymous_11)
FN:27,(anonymous_12)
FN:27,(anonymous_13)
FN:37,(anonymous_14)
FN:37,(anonymous_15)
FN:41,(anonymous_16)
FN:41,(anonymous_17)
FNF:10
FNH:2
FNDA:1,(anonymous_8)
FNDA:1,(anonymous_9)
FNDA:0,(anonymous_10)
FNDA:0,(anonymous_11)
FNDA:0,(anonymous_12)
FNDA:0,(anonymous_13)
FNDA:0,(anonymous_14)
FNDA:0,(anonymous_15)
FNDA:0,(anonymous_16)
FNDA:0,(anonymous_17)
DA:2,1
DA:3,1
DA:5,1
DA:11,1
DA:12,1
DA:20,1
DA:23,1
DA:24,0
DA:27,1
DA:28,0
DA:30,0
DA:31,0
DA:34,0
DA:37,1
DA:38,0
DA:41,1
DA:42,0
DA:45,1
LF:18
LH:11
BRDA:30,0,0,0
BRF:1
BRH:0
end_of_record
TN:
SF:src/services/userService.ts
FN:18,(anonymous_9)
FN:18,(anonymous_10)
FN:22,filterSensitiveUserData
FN:27,(anonymous_12)
FN:27,(anonymous_13)
FN:34,createToken
FN:43,(anonymous_15)
FN:43,(anonymous_16)
FN:59,(anonymous_17)
FN:59,(anonymous_18)
FN:70,(anonymous_19)
FN:70,(anonymous_20)
FN:82,(anonymous_21)
FN:82,(anonymous_22)
FN:93,(anonymous_23)
FN:93,(anonymous_24)
FN:99,(anonymous_25)
FN:99,(anonymous_26)
FN:105,(anonymous_27)
FN:105,(anonymous_28)
FNF:20
FNH:12
FNDA:1,(anonymous_9)
FNDA:1,(anonymous_10)
FNDA:3,filterSensitiveUserData
FNDA:1,(anonymous_12)
FNDA:1,(anonymous_13)
FNDA:2,createToken
FNDA:1,(anonymous_15)
FNDA:1,(anonymous_16)
FNDA:1,(anonymous_17)
FNDA:1,(anonymous_18)
FNDA:1,(anonymous_19)
FNDA:1,(anonymous_20)
FNDA:0,(anonymous_21)
FNDA:0,(anonymous_22)
FNDA:0,(anonymous_23)
FNDA:0,(anonymous_24)
FNDA:0,(anonymous_25)
FNDA:0,(anonymous_26)
FNDA:0,(anonymous_27)
FNDA:0,(anonymous_28)
DA:1,1
DA:2,1
DA:3,1
DA:4,1
DA:5,1
DA:6,1
DA:13,1
DA:14,1
DA:18,1
DA:19,1
DA:23,3
DA:24,3
DA:27,1
DA:28,1
DA:29,1
DA:30,0
DA:35,2
DA:36,2
DA:37,2
DA:38,0
DA:40,2
DA:43,1
DA:44,1
DA:46,1
DA:47,0
DA:50,1
DA:51,1
DA:56,1
DA:59,1
DA:60,1
DA:62,1
DA:63,0
DA:66,1
DA:67,1
DA:70,1
DA:71,1
DA:72,1
DA:73,0
DA:74,0
DA:77,1
DA:79,1
DA:82,1
DA:83,0
DA:85,0
DA:86,0
DA:89,0
DA:90,0
DA:93,1
DA:94,0
DA:96,0
DA:99,1
DA:100,0
DA:102,0
DA:105,1
DA:106,0
DA:107,0
DA:108,0
DA:110,0
DA:111,0
DA:112,0
DA:115,1
LF:61
LH:40
BRDA:29,0,0,0
BRDA:36,1,0,1
BRDA:36,1,1,1
BRDA:37,2,0,0
BRDA:46,3,0,0
BRDA:62,4,0,0
BRDA:72,5,0,0
BRDA:85,6,0,0
BRDA:107,7,0,0
BRDA:107,8,0,0
BRDA:107,8,1,0
BRF:11
BRH:2
end_of_record
