TN:
SF:src/controllers/articleController.ts
FN:12,(anonymous_8)
FN:12,(anonymous_9)
FN:18,(anonymous_10)
FN:18,(anonymous_11)
FN:31,(anonymous_12)
FN:31,(anonymous_13)
FN:37,(anonymous_14)
FN:37,(anonymous_15)
FN:45,(anonymous_16)
FN:45,(anonymous_17)
FNF:10
FNH:2
FNDA:2,(anonymous_8)
FNDA:2,(anonymous_9)
FNDA:0,(anonymous_10)
FNDA:0,(anonymous_11)
FNDA:0,(anonymous_12)
FNDA:0,(anonymous_13)
FNDA:0,(anonymous_14)
FNDA:0,(anonymous_15)
FNDA:0,(anonymous_16)
FNDA:0,(anonymous_17)
DA:2,5
DA:3,5
DA:4,5
DA:9,5
DA:10,5
DA:12,5
DA:13,2
DA:14,2
DA:15,2
DA:18,5
DA:19,0
DA:21,0
DA:22,0
DA:25,0
DA:26,0
DA:28,0
DA:31,5
DA:32,0
DA:33,0
DA:34,0
DA:37,5
DA:38,0
DA:39,0
DA:40,0
DA:41,0
DA:42,0
DA:45,5
DA:46,0
DA:47,0
DA:48,0
LF:30
LH:13
BRDA:21,0,0,0
BRF:1
BRH:0
end_of_record
TN:
SF:src/controllers/productController.ts
FN:16,(anonymous_8)
FN:16,(anonymous_9)
FN:29,(anonymous_10)
FN:29,(anonymous_11)
FN:40,(anonymous_12)
FN:40,(anonymous_13)
FN:47,(anonymous_14)
FN:47,(anonymous_15)
FN:59,(anonymous_16)
FN:65,(anonymous_17)
FN:74,(anonymous_18)
FN:74,(anonymous_19)
FNF:12
FNH:10
FNDA:2,(anonymous_8)
FNDA:2,(anonymous_9)
FNDA:1,(anonymous_10)
FNDA:1,(anonymous_11)
FNDA:1,(anonymous_12)
FNDA:1,(anonymous_13)
FNDA:1,(anonymous_14)
FNDA:1,(anonymous_15)
FNDA:0,(anonymous_16)
FNDA:0,(anonymous_17)
FNDA:1,(anonymous_18)
FNDA:1,(anonymous_19)
DA:1,5
DA:2,5
DA:3,5
DA:8,5
DA:10,5
DA:11,5
DA:13,5
DA:14,5
DA:16,5
DA:17,2
DA:18,2
DA:19,2
DA:26,2
DA:29,5
DA:30,1
DA:31,1
DA:32,0
DA:34,1
DA:35,1
DA:37,1
DA:40,5
DA:41,1
DA:42,1
DA:44,1
DA:47,5
DA:48,1
DA:49,1
DA:50,0
DA:53,1
DA:54,1
DA:55,1
DA:57,1
DA:58,1
DA:59,1
DA:60,1
DA:64,1
DA:66,0
DA:71,1
DA:74,5
DA:75,1
DA:76,1
DA:77,0
DA:79,1
DA:80,1
DA:81,1
LF:45
LH:41
BRDA:17,0,0,0
BRDA:17,0,1,2
BRDA:17,1,0,2
BRDA:17,1,1,2
BRDA:17,2,0,2
BRDA:17,2,1,0
BRDA:17,3,0,2
BRDA:17,3,1,2
BRDA:31,4,0,0
BRDA:49,5,0,0
BRDA:57,6,0,1
BRDA:76,7,0,0
BRF:12
BRH:7
end_of_record
TN:
SF:src/controllers/userController.ts
FN:10,(anonymous_8)
FN:10,(anonymous_9)
FN:16,(anonymous_10)
FN:16,(anonymous_11)
FN:38,(anonymous_12)
FN:38,(anonymous_13)
FN:66,(anonymous_14)
FN:66,(anonymous_15)
FN:78,(anonymous_16)
FN:78,(anonymous_17)
FN:88,(anonymous_18)
FN:88,(anonymous_19)
FN:98,(anonymous_20)
FN:98,(anonymous_21)
FNF:14
FNH:4
FNDA:9,(anonymous_8)
FNDA:9,(anonymous_9)
FNDA:8,(anonymous_10)
FNDA:8,(anonymous_11)
FNDA:0,(anonymous_12)
FNDA:0,(anonymous_13)
FNDA:0,(anonymous_14)
FNDA:0,(anonymous_15)
FNDA:0,(anonymous_16)
FNDA:0,(anonymous_17)
FNDA:0,(anonymous_18)
FNDA:0,(anonymous_19)
FNDA:0,(anonymous_20)
FNDA:0,(anonymous_21)
DA:2,5
DA:3,5
DA:4,5
DA:8,5
DA:10,9
DA:11,9
DA:12,9
DA:13,9
DA:16,8
DA:17,8
DA:18,8
DA:19,8
DA:20,8
DA:21,8
DA:22,3
DA:28,3
DA:35,3
DA:38,5
DA:39,0
DA:40,0
DA:41,0
DA:42,0
DA:44,0
DA:49,0
DA:51,0
DA:57,0
DA:63,0
DA:66,5
DA:67,0
DA:68,0
DA:69,0
DA:72,0
DA:74,0
DA:75,0
DA:78,5
DA:79,0
DA:80,0
DA:81,0
DA:83,0
DA:84,0
DA:85,0
DA:88,5
DA:89,0
DA:90,0
DA:91,0
DA:94,0
DA:95,0
DA:98,5
DA:99,0
DA:100,0
DA:101,0
DA:104,0
DA:105,0
LF:53
LH:22
BRDA:41,0,0,0
BRDA:68,1,0,0
BRDA:80,2,0,0
BRDA:90,3,0,0
BRDA:100,4,0,0
BRF:5
BRH:0
end_of_record
TN:
SF:src/repositories/articleRepository.ts
FN:4,(anonymous_8)
FN:9,(anonymous_9)
FN:37,(anonymous_10)
FN:37,(anonymous_11)
FN:48,(anonymous_12)
FN:48,(anonymous_13)
FN:55,(anonymous_14)
FN:55,(anonymous_15)
FN:67,(anonymous_16)
FN:67,(anonymous_17)
FNF:10
FNH:2
FNDA:2,(anonymous_8)
FNDA:2,(anonymous_9)
FNDA:0,(anonymous_10)
FNDA:0,(anonymous_11)
FNDA:0,(anonymous_12)
FNDA:0,(anonymous_13)
FNDA:0,(anonymous_14)
FNDA:0,(anonymous_15)
FNDA:0,(anonymous_16)
FNDA:0,(anonymous_17)
DA:1,5
DA:4,5
DA:9,2
DA:10,2
DA:19,2
DA:32,2
DA:34,2
DA:37,5
DA:38,0
DA:45,0
DA:48,5
DA:49,0
DA:52,0
DA:55,5
DA:56,0
DA:64,0
DA:67,5
DA:68,0
DA:72,0
DA:75,5
LF:20
LH:12
BRDA:12,0,0,0
BRDA:12,0,1,2
BRDA:14,1,0,0
BRDA:14,1,1,2
BRDA:27,2,0,2
BRDA:27,2,1,0
BRF:6
BRH:3
end_of_record
TN:
SF:src/repositories/productRepository.ts
FN:5,(anonymous_8)
FN:11,(anonymous_9)
FN:33,(anonymous_10)
FN:33,(anonymous_11)
FN:51,(anonymous_12)
FN:51,(anonymous_13)
FN:63,(anonymous_14)
FN:63,(anonymous_15)
FN:70,(anonymous_16)
FN:70,(anonymous_17)
FN:78,(anonymous_18)
FN:78,(anonymous_19)
FNF:12
FNH:10
FNDA:2,(anonymous_8)
FNDA:2,(anonymous_9)
FNDA:0,(anonymous_10)
FNDA:0,(anonymous_11)
FNDA:1,(anonymous_12)
FNDA:1,(anonymous_13)
FNDA:3,(anonymous_14)
FNDA:3,(anonymous_15)
FNDA:1,(anonymous_16)
FNDA:1,(anonymous_17)
FNDA:1,(anonymous_18)
FNDA:1,(anonymous_19)
DA:1,5
DA:3,5
DA:5,5
DA:11,2
DA:12,2
DA:16,2
DA:29,2
DA:31,2
DA:32,0
DA:33,0
DA:34,0
DA:38,0
DA:46,2
DA:48,2
DA:51,5
DA:52,1
DA:60,1
DA:63,5
DA:64,3
DA:67,3
DA:70,5
DA:71,1
DA:75,1
DA:78,5
DA:79,1
DA:82,1
DA:85,5
LF:27
LH:23
BRDA:13,0,0,0
BRDA:13,0,1,2
BRDA:24,1,0,2
BRDA:24,1,1,0
BRDA:31,2,0,0
BRF:5
BRH:2
end_of_record
TN:
SF:src/repositories/userRepository.ts
FN:4,(anonymous_8)
FN:4,(anonymous_9)
FN:12,(anonymous_10)
FN:12,(anonymous_11)
FN:18,(anonymous_12)
FN:18,(anonymous_13)
FN:24,(anonymous_14)
FN:24,(anonymous_15)
FN:33,(anonymous_16)
FN:33,(anonymous_17)
FN:39,(anonymous_18)
FN:39,(anonymous_19)
FNF:12
FNH:6
FNDA:0,(anonymous_8)
FNDA:0,(anonymous_9)
FNDA:17,(anonymous_10)
FNDA:17,(anonymous_11)
FNDA:9,(anonymous_12)
FNDA:9,(anonymous_13)
FNDA:8,(anonymous_14)
FNDA:8,(anonymous_15)
FNDA:0,(anonymous_16)
FNDA:0,(anonymous_17)
FNDA:0,(anonymous_18)
FNDA:0,(anonymous_19)
DA:1,5
DA:4,5
DA:5,0
DA:12,17
DA:13,17
DA:18,9
DA:19,9
DA:24,8
DA:25,8
DA:33,5
DA:34,0
DA:39,5
DA:40,0
DA:43,0
DA:47,0
DA:50,5
LF:16
LH:11
BRF:0
BRH:0
end_of_record
TN:
SF:src/services/articleService.ts
FN:5,(anonymous_8)
FN:10,(anonymous_9)
FN:21,(anonymous_10)
FN:21,(anonymous_11)
FN:25,(anonymous_12)
FN:25,(anonymous_13)
FN:34,(anonymous_14)
FN:34,(anonymous_15)
FN:38,(anonymous_16)
FN:38,(anonymous_17)
FNF:10
FNH:2
FNDA:2,(anonymous_8)
FNDA:2,(anonymous_9)
FNDA:0,(anonymous_10)
FNDA:0,(anonymous_11)
FNDA:0,(anonymous_12)
FNDA:0,(anonymous_13)
FNDA:0,(anonymous_14)
FNDA:0,(anonymous_15)
FNDA:0,(anonymous_16)
FNDA:0,(anonymous_17)
DA:2,5
DA:3,5
DA:5,5
DA:10,2
DA:11,2
DA:18,2
DA:21,5
DA:22,0
DA:25,5
DA:26,0
DA:28,0
DA:29,0
DA:31,0
DA:34,5
DA:35,0
DA:38,5
DA:39,0
DA:41,5
LF:18
LH:11
BRDA:28,0,0,0
BRF:1
BRH:0
end_of_record
TN:
SF:src/services/productService.ts
FN:5,(anonymous_8)
FN:11,(anonymous_9)
FN:23,(anonymous_10)
FN:23,(anonymous_11)
FN:27,(anonymous_12)
FN:27,(anonymous_13)
FN:37,(anonymous_14)
FN:37,(anonymous_15)
FN:41,(anonymous_16)
FN:41,(anonymous_17)
FNF:10
FNH:10
FNDA:2,(anonymous_8)
FNDA:2,(anonymous_9)
FNDA:1,(anonymous_10)
FNDA:1,(anonymous_11)
FNDA:1,(anonymous_12)
FNDA:1,(anonymous_13)
FNDA:1,(anonymous_14)
FNDA:1,(anonymous_15)
FNDA:1,(anonymous_16)
FNDA:1,(anonymous_17)
DA:2,5
DA:3,5
DA:5,5
DA:11,2
DA:12,2
DA:20,2
DA:23,5
DA:24,1
DA:27,5
DA:28,1
DA:30,1
DA:31,0
DA:34,1
DA:37,5
DA:38,1
DA:41,5
DA:42,1
DA:45,5
LF:18
LH:17
BRDA:30,0,0,0
BRF:1
BRH:0
end_of_record
TN:
SF:src/services/userService.ts
FN:18,(anonymous_9)
FN:18,(anonymous_10)
FN:22,filterSensitiveUserData
FN:27,(anonymous_12)
FN:27,(anonymous_13)
FN:34,createToken
FN:43,(anonymous_15)
FN:43,(anonymous_16)
FN:59,(anonymous_17)
FN:59,(anonymous_18)
FN:70,(anonymous_19)
FN:70,(anonymous_20)
FN:82,(anonymous_21)
FN:82,(anonymous_22)
FN:93,(anonymous_23)
FN:93,(anonymous_24)
FN:99,(anonymous_25)
FN:99,(anonymous_26)
FN:105,(anonymous_27)
FN:105,(anonymous_28)
FNF:20
FNH:12
FNDA:9,(anonymous_9)
FNDA:9,(anonymous_10)
FNDA:20,filterSensitiveUserData
FNDA:8,(anonymous_12)
FNDA:8,(anonymous_13)
FNDA:16,createToken
FNDA:9,(anonymous_15)
FNDA:9,(anonymous_16)
FNDA:8,(anonymous_17)
FNDA:8,(anonymous_18)
FNDA:8,(anonymous_19)
FNDA:8,(anonymous_20)
FNDA:0,(anonymous_21)
FNDA:0,(anonymous_22)
FNDA:0,(anonymous_23)
FNDA:0,(anonymous_24)
FNDA:0,(anonymous_25)
FNDA:0,(anonymous_26)
FNDA:0,(anonymous_27)
FNDA:0,(anonymous_28)
DA:1,5
DA:2,5
DA:3,5
DA:4,5
DA:5,5
DA:6,5
DA:13,5
DA:14,5
DA:18,9
DA:19,9
DA:23,20
DA:24,20
DA:27,8
DA:28,8
DA:29,8
DA:30,0
DA:35,16
DA:36,16
DA:37,16
DA:38,0
DA:40,16
DA:43,9
DA:44,9
DA:46,9
DA:47,0
DA:50,9
DA:51,9
DA:56,9
DA:59,8
DA:60,8
DA:62,8
DA:63,0
DA:66,8
DA:67,8
DA:70,8
DA:71,8
DA:72,8
DA:73,0
DA:74,0
DA:77,8
DA:79,3
DA:82,5
DA:83,0
DA:85,0
DA:86,0
DA:89,0
DA:90,0
DA:93,5
DA:94,0
DA:96,0
DA:99,5
DA:100,0
DA:102,0
DA:105,5
DA:106,0
DA:107,0
DA:108,0
DA:110,0
DA:111,0
DA:112,0
DA:115,5
LF:61
LH:40
BRDA:29,0,0,0
BRDA:36,1,0,8
BRDA:36,1,1,8
BRDA:37,2,0,0
BRDA:46,3,0,0
BRDA:62,4,0,0
BRDA:72,5,0,0
BRDA:85,6,0,0
BRDA:107,7,0,0
BRDA:107,8,0,0
BRDA:107,8,1,0
BRF:11
BRH:2
end_of_record
